#
# There is insufficient memory for the Java Runtime Environment to continue.
# Native memory allocation (malloc) failed to allocate 2229616 bytes. Error detail: Chunk::new
# Possible reasons:
#   The system is out of physical RAM or swap space
#   This process is running with CompressedOops enabled, and the Java Heap may be blocking the growth of the native heap
# Possible solutions:
#   Reduce memory load on the system
#   Increase physical memory or swap space
#   Check if swap backing store is full
#   Decrease Java heap size (-Xmx/-Xms)
#   Decrease number of Java threads
#   Decrease Java thread stack sizes (-Xss)
#   Set larger code cache with -XX:ReservedCodeCacheSize=
#   JVM is running with Unscaled Compressed Oops mode in which the Java heap is
#     placed in the first 4GB address space. The Java Heap base address is the
#     maximum limit for the native heap growth. Please use -XX:HeapBaseMinAddress
#     to set the Java Heap base and to place the Java Heap above 4GB virtual address.
# This output file may be truncated or incomplete.
#
#  Out of Memory Error (arena.cpp:191), pid=20228, tid=19616
#
# JRE version: OpenJDK Runtime Environment Temurin-17.0.18+8 (17.0.18+8) (build 17.0.18+8)
# Java VM: OpenJDK 64-Bit Server VM Temurin-17.0.18+8 (17.0.18+8, mixed mode, sharing, tiered, compressed oops, compressed class ptrs, g1 gc, windows-amd64)
# No core dump will be written. Minidumps are not enabled by default on client versions of Windows
#

---------------  S U M M A R Y ------------

Command Line: --add-opens=java.base/java.lang=ALL-UNNAMED --add-opens=java.base/java.lang.invoke=ALL-UNNAMED --add-opens=java.base/java.util=ALL-UNNAMED --add-opens=java.prefs/java.util.prefs=ALL-UNNAMED --add-exports=jdk.compiler/com.sun.tools.javac.api=ALL-UNNAMED --add-exports=jdk.compiler/com.sun.tools.javac.util=ALL-UNNAMED --add-opens=java.base/java.util=ALL-UNNAMED --add-opens=java.prefs/java.util.prefs=ALL-UNNAMED --add-opens=java.base/java.nio.charset=ALL-UNNAMED --add-opens=java.base/java.net=ALL-UNNAMED --add-opens=java.base/java.util.concurrent=ALL-UNNAMED --add-opens=java.base/java.util.concurrent.atomic=ALL-UNNAMED --add-opens=java.xml/javax.xml.namespace=ALL-UNNAMED --add-opens=java.base/java.time=ALL-UNNAMED -Xmx2048m -Dfile.encoding=UTF-8 -Duser.country=US -Duser.language=en -Duser.variant -javaagent:D:\Gradle_Cache\wrapper\dists\gradle-9.1.0-bin\9agqghryom9wkf8r80qlhnts3\gradle-9.1.0\lib\agents\gradle-instrumentation-agent-9.1.0.jar org.gradle.launcher.daemon.bootstrap.GradleDaemon 9.1.0

Host: Intel(R) Celeron(R) N4020 CPU @ 1.10GHz, 2 cores, 3G,  Windows 10 , 64 bit Build 19041 (10.0.19041.5438)
Time: Thu Apr 30 13:55:15 2026 Malay Peninsula Standard Time elapsed time: 662.037859 seconds (0d 0h 11m 2s)

---------------  T H R E A D  ---------------

Current thread (0x000001a242c095c0):  JavaThread "C2 CompilerThread0" daemon [_thread_in_native, id=19616, stack(0x0000003d03d00000,0x0000003d03e00000)]


Current CompileTask:
C2:662040 25211 %     4       com.android.tools.r8.internal.t52::a @ 1749 (2026 bytes)

Stack: [0x0000003d03d00000,0x0000003d03e00000]
Native frames: (J=compiled Java code, j=interpreted, Vv=VM code, C=native code)
V  [jvm.dll+0x6846f9]
V  [jvm.dll+0x839ea5]
V  [jvm.dll+0x83b91e]
V  [jvm.dll+0x83bfa3]
V  [jvm.dll+0x248eff]
V  [jvm.dll+0xad496]
V  [jvm.dll+0xadb3c]
V  [jvm.dll+0x368bcf]
V  [jvm.dll+0x1bc1ef]
V  [jvm.dll+0x219f10]
V  [jvm.dll+0x219200]
V  [jvm.dll+0x1a4920]
V  [jvm.dll+0x22989a]
V  [jvm.dll+0x227a4b]
V  [jvm.dll+0x7f0658]
V  [jvm.dll+0x7eaaec]
V  [jvm.dll+0x6835c7]
C  [ucrtbase.dll+0x21bb2]
C  [KERNEL32.DLL+0x17374]
C  [ntdll.dll+0x4cc91]


---------------  P R O C E S S  ---------------

Threads class SMR info:
_java_thread_list=0x000001a289309050, length=53, elements={
0x000001a22533fb40, 0x000001a242bed430, 0x000001a242bf01d0, 0x000001a242c02d80,
0x000001a242c05760, 0x000001a242c08040, 0x000001a242c08910, 0x000001a242c095c0,
0x000001a242c0bf90, 0x000001a242c8de90, 0x000001a2880608b0, 0x000001a288113130,
0x000001a28936f2b0, 0x000001a28808e030, 0x000001a289299860, 0x000001a242c8aef0,
0x000001a242c8b7a0, 0x000001a288d06f20, 0x000001a288d05ff0, 0x000001a288d07e50,
0x000001a288d046a0, 0x000001a288d07430, 0x000001a288d06500, 0x000001a288d07940,
0x000001a288d04bb0, 0x000001a288d055d0, 0x000001a288d05ae0, 0x000001a288d06a10,
0x000001a28a87b170, 0x000001a28a8779c0, 0x000001a28a879d30, 0x000001a28a87cfd0,
0x000001a28a87d4e0, 0x000001a294906570, 0x000001a2949079b0, 0x000001a294906f90,
0x000001a294907ec0, 0x000001a294908df0, 0x000001a294e7c170, 0x000001a294e7b240,
0x000001a28a87bb90, 0x000001a2959e6a90, 0x000001a2959e9820, 0x000001a2959e8e00,
0x000001a2959e9310, 0x000001a2959e6070, 0x000001a2959e6580, 0x000001a2959e79c0,
0x000001a296984c50, 0x000001a2969823d0, 0x000001a2969879e0, 0x000001a296983300,
0x000001a296988e20
}

Java Threads: ( => current thread )
  0x000001a22533fb40 JavaThread "main" [_thread_blocked, id=19112, stack(0x0000003d02f00000,0x0000003d03000000)]
  0x000001a242bed430 JavaThread "Reference Handler" daemon [_thread_blocked, id=11432, stack(0x0000003d03700000,0x0000003d03800000)]
  0x000001a242bf01d0 JavaThread "Finalizer" daemon [_thread_blocked, id=15080, stack(0x0000003d03800000,0x0000003d03900000)]
  0x000001a242c02d80 JavaThread "Signal Dispatcher" daemon [_thread_blocked, id=16440, stack(0x0000003d03900000,0x0000003d03a00000)]
  0x000001a242c05760 JavaThread "Attach Listener" daemon [_thread_blocked, id=21024, stack(0x0000003d03a00000,0x0000003d03b00000)]
  0x000001a242c08040 JavaThread "Service Thread" daemon [_thread_blocked, id=13016, stack(0x0000003d03b00000,0x0000003d03c00000)]
  0x000001a242c08910 JavaThread "Monitor Deflation Thread" daemon [_thread_blocked, id=18564, stack(0x0000003d03c00000,0x0000003d03d00000)]
=>0x000001a242c095c0 JavaThread "C2 CompilerThread0" daemon [_thread_in_native, id=19616, stack(0x0000003d03d00000,0x0000003d03e00000)]
  0x000001a242c0bf90 JavaThread "C1 CompilerThread0" daemon [_thread_blocked, id=21232, stack(0x0000003d03e00000,0x0000003d03f00000)]
  0x000001a242c8de90 JavaThread "Sweeper thread" daemon [_thread_blocked, id=21220, stack(0x0000003d03f00000,0x0000003d04000000)]
  0x000001a2880608b0 JavaThread "Common-Cleaner" daemon [_thread_blocked, id=16136, stack(0x0000003d04000000,0x0000003d04100000)]
  0x000001a288113130 JavaThread "Notification Thread" daemon [_thread_blocked, id=20972, stack(0x0000003d04100000,0x0000003d04200000)]
  0x000001a28936f2b0 JavaThread "Daemon health stats" [_thread_blocked, id=19384, stack(0x0000003d04400000,0x0000003d04500000)]
  0x000001a28808e030 JavaThread "Incoming local TCP Connector on port 56318" [_thread_in_native, id=19592, stack(0x0000003d04500000,0x0000003d04600000)]
  0x000001a289299860 JavaThread "Daemon periodic checks" [_thread_blocked, id=20076, stack(0x0000003d04600000,0x0000003d04700000)]
  0x000001a242c8aef0 JavaThread "Daemon" [_thread_blocked, id=6712, stack(0x0000003d04700000,0x0000003d04800000)]
  0x000001a242c8b7a0 JavaThread "Handler for socket connection from /127.0.0.1:56318 to /127.0.0.1:56319" [_thread_in_native, id=21680, stack(0x0000003d04800000,0x0000003d04900000)]
  0x000001a288d06f20 JavaThread "Cancel handler" [_thread_blocked, id=20344, stack(0x0000003d04900000,0x0000003d04a00000)]
  0x000001a288d05ff0 JavaThread "Daemon worker" [_thread_blocked, id=22008, stack(0x0000003d04a00000,0x0000003d04b00000)]
  0x000001a288d07e50 JavaThread "Asynchronous log dispatcher for DefaultDaemonConnection: socket connection from /127.0.0.1:56318 to /127.0.0.1:56319" [_thread_blocked, id=16492, stack(0x0000003d04b00000,0x0000003d04c00000)]
  0x000001a288d046a0 JavaThread "Stdin handler" [_thread_blocked, id=17620, stack(0x0000003d04c00000,0x0000003d04d00000)]
  0x000001a288d07430 JavaThread "Daemon client event forwarder" [_thread_blocked, id=23260, stack(0x0000003d04d00000,0x0000003d04e00000)]
  0x000001a288d06500 JavaThread "Cache worker for journal cache (D:\Gradle_Cache\caches\journal-1)" [_thread_blocked, id=22472, stack(0x0000003d04e00000,0x0000003d04f00000)]
  0x000001a288d07940 JavaThread "File lock request listener" [_thread_in_native, id=19752, stack(0x0000003d04f00000,0x0000003d05000000)]
  0x000001a288d04bb0 JavaThread "Cache worker for file hash cache (D:\Gradle_Cache\caches\9.1.0\fileHashes)" [_thread_blocked, id=21476, stack(0x0000003d05000000,0x0000003d05100000)]
  0x000001a288d055d0 JavaThread "Cache worker for file hash cache (D:\Rayhand\Android\intent\.gradle\9.1.0\fileHashes)" [_thread_blocked, id=6128, stack(0x0000003d05400000,0x0000003d05500000)]
  0x000001a288d05ae0 JavaThread "Cache worker for Build Output Cleanup Cache (D:\Rayhand\Android\intent\.gradle\buildOutputCleanup)" [_thread_blocked, id=16584, stack(0x0000003d05500000,0x0000003d05600000)]
  0x000001a288d06a10 JavaThread "File watcher server" daemon [_thread_in_native, id=21336, stack(0x0000003d05600000,0x0000003d05700000)]
  0x000001a28a87b170 JavaThread "File watcher consumer" daemon [_thread_blocked, id=19776, stack(0x0000003d05700000,0x0000003d05800000)]
  0x000001a28a8779c0 JavaThread "Cache worker for checksums cache (D:\Rayhand\Android\intent\.gradle\9.1.0\checksums)" [_thread_blocked, id=19564, stack(0x0000003d05800000,0x0000003d05900000)]
  0x000001a28a879d30 JavaThread "Cache worker for file content cache (D:\Gradle_Cache\caches\9.1.0\fileContent)" [_thread_blocked, id=23244, stack(0x0000003d05900000,0x0000003d05a00000)]
  0x000001a28a87cfd0 JavaThread "Cache worker for cache directory md-supplier (D:\Gradle_Cache\caches\9.1.0\md-supplier)" [_thread_blocked, id=19396, stack(0x0000003d05b00000,0x0000003d05c00000)]
  0x000001a28a87d4e0 JavaThread "Cache worker for cache directory md-rule (D:\Gradle_Cache\caches\9.1.0\md-rule)" [_thread_blocked, id=23420, stack(0x0000003d05c00000,0x0000003d05d00000)]
  0x000001a294906570 JavaThread "Unconstrained build operations" [_thread_blocked, id=20024, stack(0x0000003d03000000,0x0000003d03100000)]
  0x000001a2949079b0 JavaThread "Unconstrained build operations Thread 2" [_thread_blocked, id=21360, stack(0x0000003d05100000,0x0000003d05200000)]
  0x000001a294906f90 JavaThread "Unconstrained build operations Thread 3" [_thread_blocked, id=22640, stack(0x0000003d05200000,0x0000003d05300000)]
  0x000001a294907ec0 JavaThread "Memory manager" [_thread_blocked, id=22820, stack(0x0000003d05e00000,0x0000003d05f00000)]
  0x000001a294908df0 JavaThread "build event listener" [_thread_blocked, id=17504, stack(0x0000003d05f00000,0x0000003d06000000)]
  0x000001a294e7c170 JavaThread "included builds" [_thread_blocked, id=4824, stack(0x0000003d02e00000,0x0000003d02f00000)]
  0x000001a294e7b240 JavaThread "Execution worker" [_thread_blocked, id=22592, stack(0x0000003d05d00000,0x0000003d05e00000)]
  0x000001a28a87bb90 JavaThread "Cache worker for execution history cache (D:\Rayhand\Android\intent\.gradle\9.1.0\executionHistory)" [_thread_blocked, id=19248, stack(0x0000003d06100000,0x0000003d06200000)]
  0x000001a2959e6a90 JavaThread "Unconstrained build operations Thread 4" [_thread_blocked, id=2248, stack(0x0000003d05300000,0x0000003d05400000)]
  0x000001a2959e9820 JavaThread "Unconstrained build operations Thread 5" [_thread_blocked, id=9372, stack(0x0000003d06400000,0x0000003d06500000)]
  0x000001a2959e8e00 JavaThread "WorkerExecutor Queue" [_thread_blocked, id=18668, stack(0x0000003d06500000,0x0000003d06600000)]
  0x000001a2959e9310 JavaThread "WorkerExecutor Queue Thread 2" [_thread_blocked, id=22860, stack(0x0000003d06600000,0x0000003d06700000)]
  0x000001a2959e6070 JavaThread "Unconstrained build operations Thread 6" [_thread_blocked, id=22464, stack(0x0000003d06700000,0x0000003d06800000)]
  0x000001a2959e6580 JavaThread "Unconstrained build operations Thread 7" [_thread_blocked, id=20388, stack(0x0000003d06800000,0x0000003d06900000)]
  0x000001a2959e79c0 JavaThread "Unconstrained build operations Thread 8" [_thread_blocked, id=18948, stack(0x0000003d06200000,0x0000003d06300000)]
  0x000001a296984c50 JavaThread "Unconstrained build operations Thread 9" [_thread_blocked, id=20164, stack(0x0000003d06b00000,0x0000003d06c00000)]
  0x000001a2969823d0 JavaThread "Cache worker for Java compile cache (D:\Gradle_Cache\caches\9.1.0\javaCompile)" [_thread_blocked, id=23772, stack(0x0000003d06c00000,0x0000003d06d00000)]
  0x000001a2969879e0 JavaThread "Build operations" [_thread_blocked, id=22540, stack(0x0000003d06d00000,0x0000003d06e00000)]
  0x000001a296983300 JavaThread "Unconstrained build operations Thread 10" [_thread_blocked, id=13676, stack(0x0000003d06e00000,0x0000003d06f00000)]
  0x000001a296988e20 JavaThread "Unconstrained build operations Thread 11" [_thread_in_Java, id=24568, stack(0x0000003d06f00000,0x0000003d07000000)]

Other Threads:
  0x000001a242be6e20 VMThread "VM Thread" [stack: 0x0000003d03600000,0x0000003d03700000] [id=17296] _threads_hazard_ptr=0x000001a289309050
  0x000001a288121ea0 WatcherThread [stack: 0x0000003d04200000,0x0000003d04300000] [id=22572]
  0x000001a22539b820 GCTaskThread "GC Thread#0" [stack: 0x0000003d03100000,0x0000003d03200000] [id=19428]
  0x000001a2880fe930 GCTaskThread "GC Thread#1" [stack: 0x0000003d04300000,0x0000003d04400000] [id=18552]
  0x000001a2253ae690 ConcurrentGCThread "G1 Main Marker" [stack: 0x0000003d03200000,0x0000003d03300000] [id=21368]
  0x000001a2253affd0 ConcurrentGCThread "G1 Conc#0" [stack: 0x0000003d03300000,0x0000003d03400000] [id=17520]
  0x000001a2253f45c0 ConcurrentGCThread "G1 Refine#0" [stack: 0x0000003d03400000,0x0000003d03500000] [id=21828]
  0x000001a28a39e000 ConcurrentGCThread "G1 Refine#1" [stack: 0x0000003d05a00000,0x0000003d05b00000] [id=21932]
  0x000001a2253f4f00 ConcurrentGCThread "G1 Service" [stack: 0x0000003d03500000,0x0000003d03600000] [id=21848]

Threads with active compile tasks:
C2 CompilerThread0  662151 25211 %     4       com.android.tools.r8.internal.t52::a @ 1749 (2026 bytes)

VM state: synchronizing (normal execution)

VM Mutex/Monitor currently owned by a thread:  ([mutex/lock_event])
[0x000001a22533d1c0] Threads_lock - owner thread: 0x000001a242be6e20

Heap address: 0x0000000080000000, size: 2048 MB, Compressed Oops mode: 32-bit

CDS archive(s) mapped at: [0x000001a243000000-0x000001a243bb0000-0x000001a243bb0000), size 12255232, SharedBaseAddress: 0x000001a243000000, ArchiveRelocationMode: 1.
Compressed class space mapped at: 0x000001a244000000-0x000001a284000000, reserved size: 1073741824
Narrow klass base: 0x000001a243000000, Narrow klass shift: 0, Narrow klass range: 0x100000000

GC Precious Log:
 CPUs: 2 total, 2 available
 Memory: 3920M
 Large Page Support: Disabled
 NUMA Support: Disabled
 Compressed Oops: Enabled (32-bit)
 Heap Region Size: 1M
 Heap Min Capacity: 8M
 Heap Initial Capacity: 62M
 Heap Max Capacity: 2G
 Pre-touch: Disabled
 Parallel Workers: 2
 Concurrent Workers: 1
 Concurrent Refinement Workers: 2
 Periodic GC: Disabled

Heap:
 garbage-first heap   total 294912K, used 199953K [0x0000000080000000, 0x0000000100000000)
  region size 1024K, 75 young (76800K), 10 survivors (10240K)
 Metaspace       used 190789K, committed 191936K, reserved 1245184K
  class space    used 24677K, committed 25216K, reserved 1048576K

Heap Regions: E=young(eden), S=young(survivor), O=old, HS=humongous(starts), HC=humongous(continues), CS=collection set, F=free, OA=open archive, CA=closed archive, TAMS=top-at-mark-start (previous, next)
|   0|0x0000000080000000, 0x0000000080100000, 0x0000000080100000|100%| O|  |TAMS 0x0000000080100000, 0x0000000080000000| Untracked 
|   1|0x0000000080100000, 0x0000000080200000, 0x0000000080200000|100%|HS|  |TAMS 0x0000000080200000, 0x0000000080100000| Complete 
|   2|0x0000000080200000, 0x0000000080300000, 0x0000000080300000|100%|HC|  |TAMS 0x0000000080300000, 0x0000000080200000| Complete 
|   3|0x0000000080300000, 0x0000000080400000, 0x0000000080400000|100%|HC|  |TAMS 0x0000000080400000, 0x0000000080300000| Complete 
|   4|0x0000000080400000, 0x0000000080500000, 0x0000000080500000|100%| O|  |TAMS 0x0000000080500000, 0x0000000080400000| Untracked 
|   5|0x0000000080500000, 0x0000000080600000, 0x0000000080600000|100%| O|  |TAMS 0x0000000080600000, 0x0000000080500000| Untracked 
|   6|0x0000000080600000, 0x0000000080700000, 0x0000000080700000|100%| O|  |TAMS 0x0000000080700000, 0x0000000080600000| Untracked 
|   7|0x0000000080700000, 0x0000000080800000, 0x0000000080800000|100%|HS|  |TAMS 0x0000000080800000, 0x0000000080700000| Complete 
|   8|0x0000000080800000, 0x0000000080900000, 0x0000000080900000|100%| O|  |TAMS 0x0000000080900000, 0x0000000080800000| Untracked 
|   9|0x0000000080900000, 0x0000000080a00000, 0x0000000080a00000|100%| O|  |TAMS 0x0000000080a00000, 0x0000000080900000| Untracked 
|  10|0x0000000080a00000, 0x0000000080b00000, 0x0000000080b00000|100%| O|  |TAMS 0x0000000080b00000, 0x0000000080a00000| Untracked 
|  11|0x0000000080b00000, 0x0000000080c00000, 0x0000000080c00000|100%| O|  |TAMS 0x0000000080c00000, 0x0000000080b00000| Untracked 
|  12|0x0000000080c00000, 0x0000000080d00000, 0x0000000080d00000|100%| O|  |TAMS 0x0000000080d00000, 0x0000000080c00000| Untracked 
|  13|0x0000000080d00000, 0x0000000080e00000, 0x0000000080e00000|100%| O|  |TAMS 0x0000000080e00000, 0x0000000080d00000| Untracked 
|  14|0x0000000080e00000, 0x0000000080f00000, 0x0000000080f00000|100%| O|  |TAMS 0x0000000080f00000, 0x0000000080e00000| Untracked 
|  15|0x0000000080f00000, 0x0000000081000000, 0x0000000081000000|100%| O|  |TAMS 0x0000000081000000, 0x0000000080f00000| Untracked 
|  16|0x0000000081000000, 0x0000000081100000, 0x0000000081100000|100%| O|  |TAMS 0x0000000081100000, 0x0000000081000000| Untracked 
|  17|0x0000000081100000, 0x0000000081200000, 0x0000000081200000|100%| O|  |TAMS 0x0000000081200000, 0x0000000081100000| Untracked 
|  18|0x0000000081200000, 0x0000000081300000, 0x0000000081300000|100%| O|  |TAMS 0x0000000081300000, 0x0000000081200000| Untracked 
|  19|0x0000000081300000, 0x0000000081400000, 0x0000000081400000|100%| O|  |TAMS 0x0000000081400000, 0x0000000081300000| Untracked 
|  20|0x0000000081400000, 0x0000000081500000, 0x0000000081500000|100%| O|  |TAMS 0x0000000081500000, 0x0000000081400000| Untracked 
|  21|0x0000000081500000, 0x0000000081600000, 0x0000000081600000|100%| O|  |TAMS 0x0000000081600000, 0x0000000081500000| Untracked 
|  22|0x0000000081600000, 0x0000000081700000, 0x0000000081700000|100%| O|  |TAMS 0x0000000081700000, 0x0000000081600000| Untracked 
|  23|0x0000000081700000, 0x0000000081800000, 0x0000000081800000|100%| O|  |TAMS 0x0000000081800000, 0x0000000081700000| Untracked 
|  24|0x0000000081800000, 0x0000000081900000, 0x0000000081900000|100%| O|  |TAMS 0x0000000081900000, 0x0000000081800000| Untracked 
|  25|0x0000000081900000, 0x0000000081a00000, 0x0000000081a00000|100%| O|  |TAMS 0x0000000081a00000, 0x0000000081900000| Untracked 
|  26|0x0000000081a00000, 0x0000000081b00000, 0x0000000081b00000|100%| O|  |TAMS 0x0000000081b00000, 0x0000000081a00000| Untracked 
|  27|0x0000000081b00000, 0x0000000081c00000, 0x0000000081c00000|100%| O|  |TAMS 0x0000000081c00000, 0x0000000081b00000| Untracked 
|  28|0x0000000081c00000, 0x0000000081d00000, 0x0000000081d00000|100%| O|  |TAMS 0x0000000081d00000, 0x0000000081c00000| Untracked 
|  29|0x0000000081d00000, 0x0000000081e00000, 0x0000000081e00000|100%| O|  |TAMS 0x0000000081e00000, 0x0000000081d00000| Untracked 
|  30|0x0000000081e00000, 0x0000000081f00000, 0x0000000081f00000|100%| O|  |TAMS 0x0000000081e80000, 0x0000000081e00000| Untracked 
|  31|0x0000000081f00000, 0x0000000082000000, 0x0000000082000000|100%| O|  |TAMS 0x0000000082000000, 0x0000000081f00000| Untracked 
|  32|0x0000000082000000, 0x0000000082100000, 0x0000000082100000|100%| O|  |TAMS 0x0000000082100000, 0x0000000082000000| Untracked 
|  33|0x0000000082100000, 0x0000000082200000, 0x0000000082200000|100%| O|  |TAMS 0x0000000082200000, 0x0000000082100000| Untracked 
|  34|0x0000000082200000, 0x0000000082300000, 0x0000000082300000|100%| O|  |TAMS 0x0000000082300000, 0x0000000082200000| Untracked 
|  35|0x0000000082300000, 0x0000000082400000, 0x0000000082400000|100%| O|  |TAMS 0x0000000082400000, 0x0000000082300000| Untracked 
|  36|0x0000000082400000, 0x0000000082500000, 0x0000000082500000|100%| O|  |TAMS 0x0000000082500000, 0x0000000082400000| Untracked 
|  37|0x0000000082500000, 0x0000000082600000, 0x0000000082600000|100%| O|  |TAMS 0x0000000082600000, 0x0000000082500000| Untracked 
|  38|0x0000000082600000, 0x0000000082700000, 0x0000000082700000|100%| O|  |TAMS 0x0000000082700000, 0x0000000082600000| Untracked 
|  39|0x0000000082700000, 0x0000000082800000, 0x0000000082800000|100%| O|  |TAMS 0x0000000082700000, 0x0000000082700000| Untracked 
|  40|0x0000000082800000, 0x0000000082900000, 0x0000000082900000|100%| O|  |TAMS 0x0000000082900000, 0x0000000082800000| Untracked 
|  41|0x0000000082900000, 0x0000000082a00000, 0x0000000082a00000|100%| O|  |TAMS 0x0000000082a00000, 0x0000000082900000| Untracked 
|  42|0x0000000082a00000, 0x0000000082b00000, 0x0000000082b00000|100%| O|  |TAMS 0x0000000082b00000, 0x0000000082a00000| Untracked 
|  43|0x0000000082b00000, 0x0000000082c00000, 0x0000000082c00000|100%| O|  |TAMS 0x0000000082c00000, 0x0000000082b00000| Untracked 
|  44|0x0000000082c00000, 0x0000000082d00000, 0x0000000082d00000|100%| O|  |TAMS 0x0000000082d00000, 0x0000000082c00000| Untracked 
|  45|0x0000000082d00000, 0x0000000082e00000, 0x0000000082e00000|100%|HS|  |TAMS 0x0000000082e00000, 0x0000000082d00000| Complete 
|  46|0x0000000082e00000, 0x0000000082f00000, 0x0000000082f00000|100%| O|  |TAMS 0x0000000082f00000, 0x0000000082e00000| Untracked 
|  47|0x0000000082f00000, 0x0000000083000000, 0x0000000083000000|100%|HS|  |TAMS 0x0000000083000000, 0x0000000082f00000| Complete 
|  48|0x0000000083000000, 0x0000000083100000, 0x0000000083100000|100%| O|  |TAMS 0x0000000083100000, 0x0000000083000000| Untracked 
|  49|0x0000000083100000, 0x0000000083200000, 0x0000000083200000|100%| O|  |TAMS 0x0000000083200000, 0x0000000083100000| Untracked 
|  50|0x0000000083200000, 0x0000000083300000, 0x0000000083300000|100%| O|  |TAMS 0x0000000083300000, 0x0000000083200000| Untracked 
|  51|0x0000000083300000, 0x00000000833c4400, 0x0000000083400000| 76%| O|  |TAMS 0x0000000083300000, 0x0000000083300000| Untracked 
|  52|0x0000000083400000, 0x0000000083500000, 0x0000000083500000|100%| O|  |TAMS 0x0000000083500000, 0x0000000083400000| Untracked 
|  53|0x0000000083500000, 0x0000000083600000, 0x0000000083600000|100%| O|  |TAMS 0x0000000083600000, 0x0000000083500000| Untracked 
|  54|0x0000000083600000, 0x0000000083700000, 0x0000000083700000|100%| O|  |TAMS 0x0000000083700000, 0x0000000083600000| Complete 
|  55|0x0000000083700000, 0x0000000083800000, 0x0000000083800000|100%|HS|  |TAMS 0x0000000083800000, 0x0000000083700000| Complete 
|  56|0x0000000083800000, 0x0000000083900000, 0x0000000083900000|100%| O|  |TAMS 0x0000000083900000, 0x0000000083800000| Untracked 
|  57|0x0000000083900000, 0x0000000083a00000, 0x0000000083a00000|100%|HS|  |TAMS 0x0000000083a00000, 0x0000000083900000| Complete 
|  58|0x0000000083a00000, 0x0000000083b00000, 0x0000000083b00000|100%|HC|  |TAMS 0x0000000083b00000, 0x0000000083a00000| Complete 
|  59|0x0000000083b00000, 0x0000000083c00000, 0x0000000083c00000|100%| O|  |TAMS 0x0000000083c00000, 0x0000000083b00000| Untracked 
|  60|0x0000000083c00000, 0x0000000083d00000, 0x0000000083d00000|100%| O|  |TAMS 0x0000000083d00000, 0x0000000083c00000| Untracked 
|  61|0x0000000083d00000, 0x0000000083e00000, 0x0000000083e00000|100%|HS|  |TAMS 0x0000000083e00000, 0x0000000083d00000| Complete 
|  62|0x0000000083e00000, 0x0000000083f00000, 0x0000000083f00000|100%| O|  |TAMS 0x0000000083f00000, 0x0000000083e00000| Untracked 
|  63|0x0000000083f00000, 0x0000000084000000, 0x0000000084000000|100%| O|  |TAMS 0x0000000084000000, 0x0000000083f00000| Untracked 
|  64|0x0000000084000000, 0x0000000084100000, 0x0000000084100000|100%| O|  |TAMS 0x0000000084100000, 0x0000000084000000| Complete 
|  65|0x0000000084100000, 0x0000000084200000, 0x0000000084200000|100%|HS|  |TAMS 0x0000000084200000, 0x0000000084100000| Complete 
|  66|0x0000000084200000, 0x0000000084300000, 0x0000000084300000|100%|HS|  |TAMS 0x0000000084300000, 0x0000000084200000| Complete 
|  67|0x0000000084300000, 0x0000000084400000, 0x0000000084400000|100%| O|  |TAMS 0x0000000084400000, 0x0000000084300000| Untracked 
|  68|0x0000000084400000, 0x0000000084500000, 0x0000000084500000|100%| O|  |TAMS 0x0000000084500000, 0x0000000084400000| Untracked 
|  69|0x0000000084500000, 0x0000000084600000, 0x0000000084600000|100%| O|  |TAMS 0x0000000084600000, 0x0000000084500000| Untracked 
|  70|0x0000000084600000, 0x0000000084700000, 0x0000000084700000|100%| O|  |TAMS 0x0000000084700000, 0x0000000084600000| Untracked 
|  71|0x0000000084700000, 0x0000000084800000, 0x0000000084800000|100%| O|  |TAMS 0x0000000084800000, 0x0000000084700000| Untracked 
|  72|0x0000000084800000, 0x0000000084900000, 0x0000000084900000|100%| O|  |TAMS 0x0000000084900000, 0x0000000084800000| Untracked 
|  73|0x0000000084900000, 0x0000000084a00000, 0x0000000084a00000|100%| O|  |TAMS 0x0000000084a00000, 0x0000000084900000| Untracked 
|  74|0x0000000084a00000, 0x0000000084b00000, 0x0000000084b00000|100%| O|  |TAMS 0x0000000084b00000, 0x0000000084a00000| Untracked 
|  75|0x0000000084b00000, 0x0000000084c00000, 0x0000000084c00000|100%| O|  |TAMS 0x0000000084c00000, 0x0000000084b00000| Untracked 
|  76|0x0000000084c00000, 0x0000000084d00000, 0x0000000084d00000|100%| O|  |TAMS 0x0000000084d00000, 0x0000000084c00000| Untracked 
|  77|0x0000000084d00000, 0x0000000084e00000, 0x0000000084e00000|100%| O|  |TAMS 0x0000000084e00000, 0x0000000084d00000| Untracked 
|  78|0x0000000084e00000, 0x0000000084f00000, 0x0000000084f00000|100%| O|  |TAMS 0x0000000084f00000, 0x0000000084e00000| Untracked 
|  79|0x0000000084f00000, 0x0000000085000000, 0x0000000085000000|100%| O|  |TAMS 0x0000000085000000, 0x0000000084f00000| Untracked 
|  80|0x0000000085000000, 0x0000000085100000, 0x0000000085100000|100%| O|  |TAMS 0x0000000085100000, 0x0000000085000000| Untracked 
|  81|0x0000000085100000, 0x0000000085200000, 0x0000000085200000|100%| O|  |TAMS 0x0000000085200000, 0x0000000085100000| Untracked 
|  82|0x0000000085200000, 0x0000000085300000, 0x0000000085300000|100%| O|  |TAMS 0x0000000085300000, 0x0000000085200000| Untracked 
|  83|0x0000000085300000, 0x0000000085400000, 0x0000000085400000|100%| O|  |TAMS 0x0000000085400000, 0x0000000085300000| Untracked 
|  84|0x0000000085400000, 0x0000000085500000, 0x0000000085500000|100%| O|  |TAMS 0x0000000085500000, 0x0000000085400000| Untracked 
|  85|0x0000000085500000, 0x0000000085600000, 0x0000000085600000|100%| O|  |TAMS 0x0000000085600000, 0x0000000085500000| Untracked 
|  86|0x0000000085600000, 0x0000000085700000, 0x0000000085700000|100%| O|  |TAMS 0x0000000085700000, 0x0000000085600000| Untracked 
|  87|0x0000000085700000, 0x0000000085800000, 0x0000000085800000|100%| O|  |TAMS 0x0000000085800000, 0x0000000085700000| Untracked 
|  88|0x0000000085800000, 0x0000000085900000, 0x0000000085900000|100%| O|  |TAMS 0x0000000085900000, 0x0000000085800000| Untracked 
|  89|0x0000000085900000, 0x0000000085a00000, 0x0000000085a00000|100%| O|  |TAMS 0x0000000085a00000, 0x0000000085900000| Untracked 
|  90|0x0000000085a00000, 0x0000000085b00000, 0x0000000085b00000|100%| O|  |TAMS 0x0000000085b00000, 0x0000000085a00000| Untracked 
|  91|0x0000000085b00000, 0x0000000085c00000, 0x0000000085c00000|100%| O|  |TAMS 0x0000000085c00000, 0x0000000085b00000| Untracked 
|  92|0x0000000085c00000, 0x0000000085c00000, 0x0000000085d00000|  0%| F|  |TAMS 0x0000000085c00000, 0x0000000085c00000| Untracked 
|  93|0x0000000085d00000, 0x0000000085d00000, 0x0000000085e00000|  0%| F|  |TAMS 0x0000000085d00000, 0x0000000085d00000| Untracked 
|  94|0x0000000085e00000, 0x0000000085f00000, 0x0000000085f00000|100%| O|  |TAMS 0x0000000085f00000, 0x0000000085e00000| Untracked 
|  95|0x0000000085f00000, 0x0000000086000000, 0x0000000086000000|100%| O|  |TAMS 0x0000000086000000, 0x0000000085f00000| Untracked 
|  96|0x0000000086000000, 0x0000000086100000, 0x0000000086100000|100%| O|  |TAMS 0x0000000086100000, 0x0000000086000000| Untracked 
|  97|0x0000000086100000, 0x0000000086200000, 0x0000000086200000|100%| O|  |TAMS 0x0000000086200000, 0x0000000086100000| Untracked 
|  98|0x0000000086200000, 0x0000000086300000, 0x0000000086300000|100%| O|  |TAMS 0x0000000086300000, 0x0000000086200000| Untracked 
|  99|0x0000000086300000, 0x0000000086400000, 0x0000000086400000|100%| O|  |TAMS 0x0000000086400000, 0x0000000086300000| Untracked 
| 100|0x0000000086400000, 0x0000000086500000, 0x0000000086500000|100%| O|  |TAMS 0x0000000086500000, 0x0000000086400000| Untracked 
| 101|0x0000000086500000, 0x0000000086600000, 0x0000000086600000|100%| O|  |TAMS 0x0000000086600000, 0x0000000086500000| Untracked 
| 102|0x0000000086600000, 0x0000000086700000, 0x0000000086700000|100%| O|  |TAMS 0x0000000086700000, 0x0000000086600000| Untracked 
| 103|0x0000000086700000, 0x0000000086800000, 0x0000000086800000|100%| O|  |TAMS 0x0000000086800000, 0x0000000086700000| Untracked 
| 104|0x0000000086800000, 0x0000000086900000, 0x0000000086900000|100%| O|  |TAMS 0x0000000086900000, 0x0000000086800000| Untracked 
| 105|0x0000000086900000, 0x0000000086900000, 0x0000000086a00000|  0%| F|  |TAMS 0x0000000086900000, 0x0000000086900000| Untracked 
| 106|0x0000000086a00000, 0x0000000086a00000, 0x0000000086b00000|  0%| F|  |TAMS 0x0000000086a00000, 0x0000000086a00000| Untracked 
| 107|0x0000000086b00000, 0x0000000086b00000, 0x0000000086c00000|  0%| F|  |TAMS 0x0000000086b00000, 0x0000000086b00000| Untracked 
| 108|0x0000000086c00000, 0x0000000086c00000, 0x0000000086d00000|  0%| F|  |TAMS 0x0000000086c00000, 0x0000000086c00000| Untracked 
| 109|0x0000000086d00000, 0x0000000086d00000, 0x0000000086e00000|  0%| F|  |TAMS 0x0000000086d00000, 0x0000000086d00000| Untracked 
| 110|0x0000000086e00000, 0x0000000086e00000, 0x0000000086f00000|  0%| F|  |TAMS 0x0000000086e00000, 0x0000000086e00000| Untracked 
| 111|0x0000000086f00000, 0x0000000086f00000, 0x0000000087000000|  0%| F|  |TAMS 0x0000000086f00000, 0x0000000086f00000| Untracked 
| 112|0x0000000087000000, 0x0000000087000000, 0x0000000087100000|  0%| F|  |TAMS 0x0000000087000000, 0x0000000087000000| Untracked 
| 113|0x0000000087100000, 0x0000000087100000, 0x0000000087200000|  0%| F|  |TAMS 0x0000000087100000, 0x0000000087100000| Untracked 
| 114|0x0000000087200000, 0x0000000087200000, 0x0000000087300000|  0%| F|  |TAMS 0x0000000087200000, 0x0000000087200000| Untracked 
| 115|0x0000000087300000, 0x0000000087300000, 0x0000000087400000|  0%| F|  |TAMS 0x0000000087300000, 0x0000000087300000| Untracked 
| 116|0x0000000087400000, 0x0000000087400000, 0x0000000087500000|  0%| F|  |TAMS 0x0000000087400000, 0x0000000087400000| Untracked 
| 117|0x0000000087500000, 0x0000000087500000, 0x0000000087600000|  0%| F|  |TAMS 0x0000000087500000, 0x0000000087500000| Untracked 
| 118|0x0000000087600000, 0x0000000087600000, 0x0000000087700000|  0%| F|  |TAMS 0x0000000087600000, 0x0000000087600000| Untracked 
| 119|0x0000000087700000, 0x0000000087700000, 0x0000000087800000|  0%| F|  |TAMS 0x0000000087700000, 0x0000000087700000| Untracked 
| 120|0x0000000087800000, 0x0000000087800000, 0x0000000087900000|  0%| F|  |TAMS 0x0000000087800000, 0x0000000087800000| Untracked 
| 121|0x0000000087900000, 0x0000000087900000, 0x0000000087a00000|  0%| F|  |TAMS 0x0000000087900000, 0x0000000087900000| Untracked 
| 122|0x0000000087a00000, 0x0000000087a00000, 0x0000000087b00000|  0%| F|  |TAMS 0x0000000087a00000, 0x0000000087a00000| Untracked 
| 123|0x0000000087b00000, 0x0000000087b00000, 0x0000000087c00000|  0%| F|  |TAMS 0x0000000087b00000, 0x0000000087b00000| Untracked 
| 124|0x0000000087c00000, 0x0000000087d00000, 0x0000000087d00000|100%| O|  |TAMS 0x0000000087d00000, 0x0000000087c00000| Untracked 
| 125|0x0000000087d00000, 0x0000000087e00000, 0x0000000087e00000|100%|HS|  |TAMS 0x0000000087e00000, 0x0000000087d00000| Complete 
| 126|0x0000000087e00000, 0x0000000087f00000, 0x0000000087f00000|100%|HC|  |TAMS 0x0000000087f00000, 0x0000000087e00000| Complete 
| 127|0x0000000087f00000, 0x0000000088000000, 0x0000000088000000|100%| O|  |TAMS 0x0000000088000000, 0x0000000087f00000| Untracked 
| 128|0x0000000088000000, 0x0000000088100000, 0x0000000088100000|100%| O|  |TAMS 0x0000000088100000, 0x0000000088000000| Untracked 
| 129|0x0000000088100000, 0x0000000088100000, 0x0000000088200000|  0%| F|  |TAMS 0x0000000088100000, 0x0000000088100000| Untracked 
| 130|0x0000000088200000, 0x0000000088300000, 0x0000000088300000|100%| O|  |TAMS 0x0000000088300000, 0x0000000088200000| Untracked 
| 131|0x0000000088300000, 0x0000000088300000, 0x0000000088400000|  0%| F|  |TAMS 0x0000000088300000, 0x0000000088300000| Untracked 
| 132|0x0000000088400000, 0x0000000088500000, 0x0000000088500000|100%| O|  |TAMS 0x0000000088500000, 0x0000000088400000| Complete 
| 133|0x0000000088500000, 0x0000000088500000, 0x0000000088600000|  0%| F|  |TAMS 0x0000000088500000, 0x0000000088500000| Untracked 
| 134|0x0000000088600000, 0x0000000088600000, 0x0000000088700000|  0%| F|  |TAMS 0x0000000088600000, 0x0000000088600000| Untracked 
| 135|0x0000000088700000, 0x0000000088700000, 0x0000000088800000|  0%| F|  |TAMS 0x0000000088700000, 0x0000000088700000| Untracked 
| 136|0x0000000088800000, 0x0000000088900000, 0x0000000088900000|100%| O|  |TAMS 0x0000000088900000, 0x0000000088800000| Untracked 
| 137|0x0000000088900000, 0x0000000088a00000, 0x0000000088a00000|100%| O|  |TAMS 0x0000000088a00000, 0x0000000088900000| Untracked 
| 138|0x0000000088a00000, 0x0000000088b00000, 0x0000000088b00000|100%| O|  |TAMS 0x0000000088b00000, 0x0000000088a00000| Untracked 
| 139|0x0000000088b00000, 0x0000000088c00000, 0x0000000088c00000|100%| O|  |TAMS 0x0000000088c00000, 0x0000000088b00000| Untracked 
| 140|0x0000000088c00000, 0x0000000088d00000, 0x0000000088d00000|100%| O|  |TAMS 0x0000000088d00000, 0x0000000088c00000| Untracked 
| 141|0x0000000088d00000, 0x0000000088e00000, 0x0000000088e00000|100%|HS|  |TAMS 0x0000000088e00000, 0x0000000088d00000| Complete 
| 142|0x0000000088e00000, 0x0000000088e00000, 0x0000000088f00000|  0%| F|  |TAMS 0x0000000088e00000, 0x0000000088e00000| Untracked 
| 143|0x0000000088f00000, 0x0000000089000000, 0x0000000089000000|100%| O|  |TAMS 0x0000000089000000, 0x0000000088f00000| Untracked 
| 144|0x0000000089000000, 0x0000000089100000, 0x0000000089100000|100%| O|  |TAMS 0x0000000089100000, 0x0000000089000000| Untracked 
| 145|0x0000000089100000, 0x0000000089200000, 0x0000000089200000|100%| O|  |TAMS 0x0000000089200000, 0x0000000089100000| Untracked 
| 146|0x0000000089200000, 0x0000000089200000, 0x0000000089300000|  0%| F|  |TAMS 0x0000000089200000, 0x0000000089200000| Untracked 
| 147|0x0000000089300000, 0x0000000089300000, 0x0000000089400000|  0%| F|  |TAMS 0x0000000089300000, 0x0000000089300000| Untracked 
| 148|0x0000000089400000, 0x0000000089400000, 0x0000000089500000|  0%| F|  |TAMS 0x0000000089400000, 0x0000000089400000| Untracked 
| 149|0x0000000089500000, 0x0000000089600000, 0x0000000089600000|100%| O|  |TAMS 0x0000000089600000, 0x0000000089500000| Untracked 
| 150|0x0000000089600000, 0x0000000089700000, 0x0000000089700000|100%| O|  |TAMS 0x0000000089700000, 0x0000000089600000| Untracked 
| 151|0x0000000089700000, 0x0000000089800000, 0x0000000089800000|100%| O|  |TAMS 0x0000000089800000, 0x0000000089700000| Complete 
| 152|0x0000000089800000, 0x0000000089800000, 0x0000000089900000|  0%| F|  |TAMS 0x0000000089800000, 0x0000000089800000| Untracked 
| 153|0x0000000089900000, 0x0000000089900000, 0x0000000089a00000|  0%| F|  |TAMS 0x0000000089900000, 0x0000000089900000| Untracked 
| 154|0x0000000089a00000, 0x0000000089a00000, 0x0000000089b00000|  0%| F|  |TAMS 0x0000000089a00000, 0x0000000089a00000| Untracked 
| 155|0x0000000089b00000, 0x0000000089b00000, 0x0000000089c00000|  0%| F|  |TAMS 0x0000000089b00000, 0x0000000089b00000| Untracked 
| 156|0x0000000089c00000, 0x0000000089c00000, 0x0000000089d00000|  0%| F|  |TAMS 0x0000000089c00000, 0x0000000089c00000| Untracked 
| 157|0x0000000089d00000, 0x0000000089d00000, 0x0000000089e00000|  0%| F|  |TAMS 0x0000000089d00000, 0x0000000089d00000| Untracked 
| 158|0x0000000089e00000, 0x0000000089e00000, 0x0000000089f00000|  0%| F|  |TAMS 0x0000000089e00000, 0x0000000089e00000| Untracked 
| 159|0x0000000089f00000, 0x0000000089f00000, 0x000000008a000000|  0%| F|  |TAMS 0x0000000089f00000, 0x0000000089f00000| Untracked 
| 160|0x000000008a000000, 0x000000008a080000, 0x000000008a100000| 50%| S|CS|TAMS 0x000000008a000000, 0x000000008a000000| Complete 
| 161|0x000000008a100000, 0x000000008a200000, 0x000000008a200000|100%| S|CS|TAMS 0x000000008a100000, 0x000000008a100000| Complete 
| 162|0x000000008a200000, 0x000000008a200000, 0x000000008a300000|  0%| F|  |TAMS 0x000000008a200000, 0x000000008a200000| Untracked 
| 163|0x000000008a300000, 0x000000008a300000, 0x000000008a400000|  0%| F|  |TAMS 0x000000008a300000, 0x000000008a300000| Untracked 
| 164|0x000000008a400000, 0x000000008a400000, 0x000000008a500000|  0%| F|  |TAMS 0x000000008a400000, 0x000000008a400000| Untracked 
| 165|0x000000008a500000, 0x000000008a500000, 0x000000008a600000|  0%| F|  |TAMS 0x000000008a500000, 0x000000008a500000| Untracked 
| 166|0x000000008a600000, 0x000000008a600000, 0x000000008a700000|  0%| F|  |TAMS 0x000000008a600000, 0x000000008a600000| Untracked 
| 167|0x000000008a700000, 0x000000008a700000, 0x000000008a800000|  0%| F|  |TAMS 0x000000008a700000, 0x000000008a700000| Untracked 
| 168|0x000000008a800000, 0x000000008a800000, 0x000000008a900000|  0%| F|  |TAMS 0x000000008a800000, 0x000000008a800000| Untracked 
| 169|0x000000008a900000, 0x000000008a900000, 0x000000008aa00000|  0%| F|  |TAMS 0x000000008a900000, 0x000000008a900000| Untracked 
| 170|0x000000008aa00000, 0x000000008aa00000, 0x000000008ab00000|  0%| F|  |TAMS 0x000000008aa00000, 0x000000008aa00000| Untracked 
| 171|0x000000008ab00000, 0x000000008ac00000, 0x000000008ac00000|100%| S|CS|TAMS 0x000000008ab00000, 0x000000008ab00000| Complete 
| 172|0x000000008ac00000, 0x000000008ad00000, 0x000000008ad00000|100%| S|CS|TAMS 0x000000008ac00000, 0x000000008ac00000| Complete 
| 173|0x000000008ad00000, 0x000000008ae00000, 0x000000008ae00000|100%| S|CS|TAMS 0x000000008ad00000, 0x000000008ad00000| Complete 
| 174|0x000000008ae00000, 0x000000008af00000, 0x000000008af00000|100%| S|CS|TAMS 0x000000008ae00000, 0x000000008ae00000| Complete 
| 175|0x000000008af00000, 0x000000008b000000, 0x000000008b000000|100%| S|CS|TAMS 0x000000008af00000, 0x000000008af00000| Complete 
| 176|0x000000008b000000, 0x000000008b100000, 0x000000008b100000|100%| S|CS|TAMS 0x000000008b000000, 0x000000008b000000| Complete 
| 177|0x000000008b100000, 0x000000008b200000, 0x000000008b200000|100%| S|CS|TAMS 0x000000008b100000, 0x000000008b100000| Complete 
| 178|0x000000008b200000, 0x000000008b300000, 0x000000008b300000|100%| S|CS|TAMS 0x000000008b200000, 0x000000008b200000| Complete 
| 179|0x000000008b300000, 0x000000008b300000, 0x000000008b400000|  0%| F|  |TAMS 0x000000008b300000, 0x000000008b300000| Untracked 
| 180|0x000000008b400000, 0x000000008b400000, 0x000000008b500000|  0%| F|  |TAMS 0x000000008b400000, 0x000000008b400000| Untracked 
| 181|0x000000008b500000, 0x000000008b500000, 0x000000008b600000|  0%| F|  |TAMS 0x000000008b500000, 0x000000008b500000| Untracked 
| 182|0x000000008b600000, 0x000000008b600000, 0x000000008b700000|  0%| F|  |TAMS 0x000000008b600000, 0x000000008b600000| Untracked 
| 183|0x000000008b700000, 0x000000008b700000, 0x000000008b800000|  0%| F|  |TAMS 0x000000008b700000, 0x000000008b700000| Untracked 
| 184|0x000000008b800000, 0x000000008b800000, 0x000000008b900000|  0%| F|  |TAMS 0x000000008b800000, 0x000000008b800000| Untracked 
| 185|0x000000008b900000, 0x000000008b900000, 0x000000008ba00000|  0%| F|  |TAMS 0x000000008b900000, 0x000000008b900000| Untracked 
| 186|0x000000008ba00000, 0x000000008ba00000, 0x000000008bb00000|  0%| F|  |TAMS 0x000000008ba00000, 0x000000008ba00000| Untracked 
| 187|0x000000008bb00000, 0x000000008bb00000, 0x000000008bc00000|  0%| F|  |TAMS 0x000000008bb00000, 0x000000008bb00000| Untracked 
| 188|0x000000008bc00000, 0x000000008bc00000, 0x000000008bd00000|  0%| F|  |TAMS 0x000000008bc00000, 0x000000008bc00000| Untracked 
| 189|0x000000008bd00000, 0x000000008bd00000, 0x000000008be00000|  0%| F|  |TAMS 0x000000008bd00000, 0x000000008bd00000| Untracked 
| 190|0x000000008be00000, 0x000000008be00000, 0x000000008bf00000|  0%| F|  |TAMS 0x000000008be00000, 0x000000008be00000| Untracked 
| 191|0x000000008bf00000, 0x000000008bf00000, 0x000000008c000000|  0%| F|  |TAMS 0x000000008bf00000, 0x000000008bf00000| Untracked 
| 192|0x000000008c000000, 0x000000008c000000, 0x000000008c100000|  0%| F|  |TAMS 0x000000008c000000, 0x000000008c000000| Untracked 
| 193|0x000000008c100000, 0x000000008c100000, 0x000000008c200000|  0%| F|  |TAMS 0x000000008c100000, 0x000000008c100000| Untracked 
| 194|0x000000008c200000, 0x000000008c200000, 0x000000008c300000|  0%| F|  |TAMS 0x000000008c200000, 0x000000008c200000| Untracked 
| 195|0x000000008c300000, 0x000000008c300000, 0x000000008c400000|  0%| F|  |TAMS 0x000000008c300000, 0x000000008c300000| Untracked 
| 196|0x000000008c400000, 0x000000008c400000, 0x000000008c500000|  0%| F|  |TAMS 0x000000008c400000, 0x000000008c400000| Untracked 
| 197|0x000000008c500000, 0x000000008c500000, 0x000000008c600000|  0%| F|  |TAMS 0x000000008c500000, 0x000000008c500000| Untracked 
| 198|0x000000008c600000, 0x000000008c600000, 0x000000008c700000|  0%| F|  |TAMS 0x000000008c600000, 0x000000008c600000| Untracked 
| 199|0x000000008c700000, 0x000000008c700000, 0x000000008c800000|  0%| F|  |TAMS 0x000000008c700000, 0x000000008c700000| Untracked 
| 200|0x000000008c800000, 0x000000008c800000, 0x000000008c900000|  0%| F|  |TAMS 0x000000008c800000, 0x000000008c800000| Untracked 
| 201|0x000000008c900000, 0x000000008c900000, 0x000000008ca00000|  0%| F|  |TAMS 0x000000008c900000, 0x000000008c900000| Untracked 
| 202|0x000000008ca00000, 0x000000008ca00000, 0x000000008cb00000|  0%| F|  |TAMS 0x000000008ca00000, 0x000000008ca00000| Untracked 
| 203|0x000000008cb00000, 0x000000008cb00000, 0x000000008cc00000|  0%| F|  |TAMS 0x000000008cb00000, 0x000000008cb00000| Untracked 
| 204|0x000000008cc00000, 0x000000008cc00000, 0x000000008cd00000|  0%| F|  |TAMS 0x000000008cc00000, 0x000000008cc00000| Untracked 
| 205|0x000000008cd00000, 0x000000008cd00000, 0x000000008ce00000|  0%| F|  |TAMS 0x000000008cd00000, 0x000000008cd00000| Untracked 
| 206|0x000000008ce00000, 0x000000008ce00000, 0x000000008cf00000|  0%| F|  |TAMS 0x000000008ce00000, 0x000000008ce00000| Untracked 
| 207|0x000000008cf00000, 0x000000008cf00000, 0x000000008d000000|  0%| F|  |TAMS 0x000000008cf00000, 0x000000008cf00000| Untracked 
| 208|0x000000008d000000, 0x000000008d000000, 0x000000008d100000|  0%| F|  |TAMS 0x000000008d000000, 0x000000008d000000| Untracked 
| 209|0x000000008d100000, 0x000000008d100000, 0x000000008d200000|  0%| F|  |TAMS 0x000000008d100000, 0x000000008d100000| Untracked 
| 210|0x000000008d200000, 0x000000008d200000, 0x000000008d300000|  0%| F|  |TAMS 0x000000008d200000, 0x000000008d200000| Untracked 
| 211|0x000000008d300000, 0x000000008d300000, 0x000000008d400000|  0%| F|  |TAMS 0x000000008d300000, 0x000000008d300000| Untracked 
| 212|0x000000008d400000, 0x000000008d400000, 0x000000008d500000|  0%| F|  |TAMS 0x000000008d400000, 0x000000008d400000| Untracked 
| 213|0x000000008d500000, 0x000000008d500000, 0x000000008d600000|  0%| F|  |TAMS 0x000000008d500000, 0x000000008d500000| Untracked 
| 214|0x000000008d600000, 0x000000008d600000, 0x000000008d700000|  0%| F|  |TAMS 0x000000008d600000, 0x000000008d600000| Untracked 
| 215|0x000000008d700000, 0x000000008d700000, 0x000000008d800000|  0%| F|  |TAMS 0x000000008d700000, 0x000000008d700000| Untracked 
| 216|0x000000008d800000, 0x000000008d800000, 0x000000008d900000|  0%| F|  |TAMS 0x000000008d800000, 0x000000008d800000| Untracked 
| 217|0x000000008d900000, 0x000000008d900000, 0x000000008da00000|  0%| F|  |TAMS 0x000000008d900000, 0x000000008d900000| Untracked 
| 218|0x000000008da00000, 0x000000008da00000, 0x000000008db00000|  0%| F|  |TAMS 0x000000008da00000, 0x000000008da00000| Untracked 
| 219|0x000000008db00000, 0x000000008db00000, 0x000000008dc00000|  0%| F|  |TAMS 0x000000008db00000, 0x000000008db00000| Untracked 
| 220|0x000000008dc00000, 0x000000008dc00000, 0x000000008dd00000|  0%| F|  |TAMS 0x000000008dc00000, 0x000000008dc00000| Untracked 
| 221|0x000000008dd00000, 0x000000008dd00000, 0x000000008de00000|  0%| F|  |TAMS 0x000000008dd00000, 0x000000008dd00000| Untracked 
| 222|0x000000008de00000, 0x000000008de00000, 0x000000008df00000|  0%| F|  |TAMS 0x000000008de00000, 0x000000008de00000| Untracked 
| 223|0x000000008df00000, 0x000000008df87fb0, 0x000000008e000000| 53%| E|  |TAMS 0x000000008df00000, 0x000000008df00000| Complete 
| 224|0x000000008e000000, 0x000000008e100000, 0x000000008e100000|100%| E|CS|TAMS 0x000000008e000000, 0x000000008e000000| Complete 
| 225|0x000000008e100000, 0x000000008e200000, 0x000000008e200000|100%| E|CS|TAMS 0x000000008e100000, 0x000000008e100000| Complete 
| 226|0x000000008e200000, 0x000000008e300000, 0x000000008e300000|100%| E|CS|TAMS 0x000000008e200000, 0x000000008e200000| Complete 
| 227|0x000000008e300000, 0x000000008e400000, 0x000000008e400000|100%| E|CS|TAMS 0x000000008e300000, 0x000000008e300000| Complete 
| 228|0x000000008e400000, 0x000000008e500000, 0x000000008e500000|100%| E|CS|TAMS 0x000000008e400000, 0x000000008e400000| Complete 
| 229|0x000000008e500000, 0x000000008e600000, 0x000000008e600000|100%| E|CS|TAMS 0x000000008e500000, 0x000000008e500000| Complete 
| 230|0x000000008e600000, 0x000000008e700000, 0x000000008e700000|100%| E|CS|TAMS 0x000000008e600000, 0x000000008e600000| Complete 
| 231|0x000000008e700000, 0x000000008e800000, 0x000000008e800000|100%| E|CS|TAMS 0x000000008e700000, 0x000000008e700000| Complete 
| 232|0x000000008e800000, 0x000000008e900000, 0x000000008e900000|100%| E|CS|TAMS 0x000000008e800000, 0x000000008e800000| Complete 
| 233|0x000000008e900000, 0x000000008ea00000, 0x000000008ea00000|100%| E|CS|TAMS 0x000000008e900000, 0x000000008e900000| Complete 
| 234|0x000000008ea00000, 0x000000008eb00000, 0x000000008eb00000|100%| E|CS|TAMS 0x000000008ea00000, 0x000000008ea00000| Complete 
| 235|0x000000008eb00000, 0x000000008ec00000, 0x000000008ec00000|100%| E|CS|TAMS 0x000000008eb00000, 0x000000008eb00000| Complete 
| 236|0x000000008ec00000, 0x000000008ed00000, 0x000000008ed00000|100%| E|CS|TAMS 0x000000008ec00000, 0x000000008ec00000| Complete 
| 237|0x000000008ed00000, 0x000000008ee00000, 0x000000008ee00000|100%| E|CS|TAMS 0x000000008ed00000, 0x000000008ed00000| Complete 
| 238|0x000000008ee00000, 0x000000008ef00000, 0x000000008ef00000|100%| E|CS|TAMS 0x000000008ee00000, 0x000000008ee00000| Complete 
| 239|0x000000008ef00000, 0x000000008f000000, 0x000000008f000000|100%| E|CS|TAMS 0x000000008ef00000, 0x000000008ef00000| Complete 
| 240|0x000000008f000000, 0x000000008f100000, 0x000000008f100000|100%| E|CS|TAMS 0x000000008f000000, 0x000000008f000000| Complete 
| 241|0x000000008f100000, 0x000000008f200000, 0x000000008f200000|100%| E|CS|TAMS 0x000000008f100000, 0x000000008f100000| Complete 
| 242|0x000000008f200000, 0x000000008f300000, 0x000000008f300000|100%| E|CS|TAMS 0x000000008f200000, 0x000000008f200000| Complete 
| 243|0x000000008f300000, 0x000000008f400000, 0x000000008f400000|100%| E|CS|TAMS 0x000000008f300000, 0x000000008f300000| Complete 
| 244|0x000000008f400000, 0x000000008f500000, 0x000000008f500000|100%| E|CS|TAMS 0x000000008f400000, 0x000000008f400000| Complete 
| 245|0x000000008f500000, 0x000000008f600000, 0x000000008f600000|100%| E|CS|TAMS 0x000000008f500000, 0x000000008f500000| Complete 
| 246|0x000000008f600000, 0x000000008f700000, 0x000000008f700000|100%| E|CS|TAMS 0x000000008f600000, 0x000000008f600000| Complete 
| 247|0x000000008f700000, 0x000000008f800000, 0x000000008f800000|100%| E|CS|TAMS 0x000000008f700000, 0x000000008f700000| Complete 
| 248|0x000000008f800000, 0x000000008f900000, 0x000000008f900000|100%| E|CS|TAMS 0x000000008f800000, 0x000000008f800000| Complete 
| 249|0x000000008f900000, 0x000000008fa00000, 0x000000008fa00000|100%| E|CS|TAMS 0x000000008f900000, 0x000000008f900000| Complete 
| 250|0x000000008fa00000, 0x000000008fb00000, 0x000000008fb00000|100%| E|CS|TAMS 0x000000008fa00000, 0x000000008fa00000| Complete 
| 251|0x000000008fb00000, 0x000000008fc00000, 0x000000008fc00000|100%| E|CS|TAMS 0x000000008fb00000, 0x000000008fb00000| Complete 
| 252|0x000000008fc00000, 0x000000008fd00000, 0x000000008fd00000|100%| E|CS|TAMS 0x000000008fc00000, 0x000000008fc00000| Complete 
| 253|0x000000008fd00000, 0x000000008fe00000, 0x000000008fe00000|100%| E|CS|TAMS 0x000000008fd00000, 0x000000008fd00000| Complete 
| 254|0x000000008fe00000, 0x000000008ff00000, 0x000000008ff00000|100%| E|CS|TAMS 0x000000008fe00000, 0x000000008fe00000| Complete 
| 255|0x000000008ff00000, 0x0000000090000000, 0x0000000090000000|100%| E|CS|TAMS 0x000000008ff00000, 0x000000008ff00000| Complete 
| 256|0x0000000090000000, 0x0000000090100000, 0x0000000090100000|100%| E|CS|TAMS 0x0000000090000000, 0x0000000090000000| Complete 
| 257|0x0000000090100000, 0x0000000090200000, 0x0000000090200000|100%| E|CS|TAMS 0x0000000090100000, 0x0000000090100000| Complete 
| 258|0x0000000090200000, 0x0000000090300000, 0x0000000090300000|100%| E|CS|TAMS 0x0000000090200000, 0x0000000090200000| Complete 
| 259|0x0000000090300000, 0x0000000090400000, 0x0000000090400000|100%| E|CS|TAMS 0x0000000090300000, 0x0000000090300000| Complete 
| 260|0x0000000090400000, 0x0000000090500000, 0x0000000090500000|100%| E|CS|TAMS 0x0000000090400000, 0x0000000090400000| Complete 
| 261|0x0000000090500000, 0x0000000090600000, 0x0000000090600000|100%| E|CS|TAMS 0x0000000090500000, 0x0000000090500000| Complete 
| 262|0x0000000090600000, 0x0000000090700000, 0x0000000090700000|100%| E|CS|TAMS 0x0000000090600000, 0x0000000090600000| Complete 
| 263|0x0000000090700000, 0x0000000090800000, 0x0000000090800000|100%| E|CS|TAMS 0x0000000090700000, 0x0000000090700000| Complete 
| 264|0x0000000090800000, 0x0000000090900000, 0x0000000090900000|100%| E|CS|TAMS 0x0000000090800000, 0x0000000090800000| Complete 
| 265|0x0000000090900000, 0x0000000090a00000, 0x0000000090a00000|100%| E|CS|TAMS 0x0000000090900000, 0x0000000090900000| Complete 
| 266|0x0000000090a00000, 0x0000000090b00000, 0x0000000090b00000|100%| E|CS|TAMS 0x0000000090a00000, 0x0000000090a00000| Complete 
| 267|0x0000000090b00000, 0x0000000090c00000, 0x0000000090c00000|100%| E|CS|TAMS 0x0000000090b00000, 0x0000000090b00000| Complete 
| 268|0x0000000090c00000, 0x0000000090d00000, 0x0000000090d00000|100%| E|CS|TAMS 0x0000000090c00000, 0x0000000090c00000| Complete 
| 269|0x0000000090d00000, 0x0000000090e00000, 0x0000000090e00000|100%| E|CS|TAMS 0x0000000090d00000, 0x0000000090d00000| Complete 
| 270|0x0000000090e00000, 0x0000000090f00000, 0x0000000090f00000|100%| E|CS|TAMS 0x0000000090e00000, 0x0000000090e00000| Complete 
| 271|0x0000000090f00000, 0x0000000091000000, 0x0000000091000000|100%| E|CS|TAMS 0x0000000090f00000, 0x0000000090f00000| Complete 
| 272|0x0000000091000000, 0x0000000091100000, 0x0000000091100000|100%| E|CS|TAMS 0x0000000091000000, 0x0000000091000000| Complete 
| 273|0x0000000091100000, 0x0000000091200000, 0x0000000091200000|100%| E|CS|TAMS 0x0000000091100000, 0x0000000091100000| Complete 
| 274|0x0000000091200000, 0x0000000091300000, 0x0000000091300000|100%| E|CS|TAMS 0x0000000091200000, 0x0000000091200000| Complete 
| 275|0x0000000091300000, 0x0000000091400000, 0x0000000091400000|100%| E|CS|TAMS 0x0000000091300000, 0x0000000091300000| Complete 
| 276|0x0000000091400000, 0x0000000091500000, 0x0000000091500000|100%| E|CS|TAMS 0x0000000091400000, 0x0000000091400000| Complete 
| 277|0x0000000091500000, 0x0000000091600000, 0x0000000091600000|100%| E|CS|TAMS 0x0000000091500000, 0x0000000091500000| Complete 
| 278|0x0000000091600000, 0x0000000091700000, 0x0000000091700000|100%| E|CS|TAMS 0x0000000091600000, 0x0000000091600000| Complete 
| 279|0x0000000091700000, 0x0000000091800000, 0x0000000091800000|100%| E|CS|TAMS 0x0000000091700000, 0x0000000091700000| Complete 
| 280|0x0000000091800000, 0x0000000091900000, 0x0000000091900000|100%| E|CS|TAMS 0x0000000091800000, 0x0000000091800000| Complete 
| 281|0x0000000091900000, 0x0000000091a00000, 0x0000000091a00000|100%| E|CS|TAMS 0x0000000091900000, 0x0000000091900000| Complete 
| 282|0x0000000091a00000, 0x0000000091b00000, 0x0000000091b00000|100%| E|CS|TAMS 0x0000000091a00000, 0x0000000091a00000| Complete 
| 283|0x0000000091b00000, 0x0000000091c00000, 0x0000000091c00000|100%| E|CS|TAMS 0x0000000091b00000, 0x0000000091b00000| Complete 
| 284|0x0000000091c00000, 0x0000000091d00000, 0x0000000091d00000|100%| E|CS|TAMS 0x0000000091c00000, 0x0000000091c00000| Complete 
| 285|0x0000000091d00000, 0x0000000091e00000, 0x0000000091e00000|100%| E|CS|TAMS 0x0000000091d00000, 0x0000000091d00000| Complete 
| 286|0x0000000091e00000, 0x0000000091f00000, 0x0000000091f00000|100%| E|CS|TAMS 0x0000000091e00000, 0x0000000091e00000| Complete 
| 287|0x0000000091f00000, 0x0000000092000000, 0x0000000092000000|100%| E|CS|TAMS 0x0000000091f00000, 0x0000000091f00000| Complete 

Card table byte_map: [0x000001a23c2b0000,0x000001a23c6b0000] _byte_map_base: 0x000001a23beb0000

Marking Bits (Prev, Next): (CMBitMap*) 0x000001a22539bd50, (CMBitMap*) 0x000001a22539bd90
 Prev Bits: [0x000001a23cab0000, 0x000001a23eab0000)
 Next Bits: [0x000001a23eab0000, 0x000001a240ab0000)

Polling page: 0x000001a2234c0000

Metaspace:

Usage:
  Non-class:    162.22 MB used.
      Class:     24.10 MB used.
       Both:    186.32 MB used.

Virtual space:
  Non-class space:      192.00 MB reserved,     162.81 MB ( 85%) committed,  3 nodes.
      Class space:        1.00 GB reserved,      24.62 MB (  2%) committed,  1 nodes.
             Both:        1.19 GB reserved,     187.44 MB ( 15%) committed. 

Chunk freelists:
   Non-Class:  12.48 MB
       Class:  7.34 MB
        Both:  19.83 MB

MaxMetaspaceSize: unlimited
CompressedClassSpaceSize: 1.00 GB
Initial GC threshold: 21.00 MB
Current GC threshold: 310.75 MB
CDS: on
MetaspaceReclaimPolicy: balanced
 - commit_granule_bytes: 65536.
 - commit_granule_words: 8192.
 - virtual_space_node_default_size: 8388608.
 - enlarge_chunks_in_place: 1.
 - new_chunks_are_fully_committed: 0.
 - uncommit_free_chunks: 1.
 - use_allocation_guard: 0.
 - handle_deallocations: 1.


Internal statistics:

num_allocs_failed_limit: 9.
num_arena_births: 1616.
num_arena_deaths: 2.
num_vsnodes_births: 4.
num_vsnodes_deaths: 0.
num_space_committed: 3000.
num_space_uncommitted: 3.
num_chunks_returned_to_freelist: 26.
num_chunks_taken_from_freelist: 9079.
num_chunk_merges: 15.
num_chunk_splits: 6569.
num_chunks_enlarged: 5024.
num_inconsistent_stats: 0.

CodeHeap 'non-profiled nmethods': size=120064Kb used=13522Kb max_used=13738Kb free=106542Kb
 bounds [0x000001a234970000, 0x000001a235710000, 0x000001a23beb0000]
CodeHeap 'profiled nmethods': size=120000Kb used=48690Kb max_used=50735Kb free=71309Kb
 bounds [0x000001a22ceb0000, 0x000001a230040000, 0x000001a2343e0000]
CodeHeap 'non-nmethods': size=5696Kb used=2009Kb max_used=2065Kb free=3686Kb
 bounds [0x000001a2343e0000, 0x000001a234650000, 0x000001a234970000]
 total_blobs=21709 nmethods=20553 adapters=1066
 compilation: enabled
              stopped_count=0, restarted_count=0
 full_count=0

Compilation events (20 events):
Event: 660.630 Thread 0x000001a242c0bf90 25209       3       com.android.tools.r8.internal.y51::equals (39 bytes)
Event: 660.630 Thread 0x000001a242c0bf90 nmethod 25209 0x000001a22e239a90 code [0x000001a22e239c60, 0x000001a22e23a098]
Event: 660.918 Thread 0x000001a242c095c0 nmethod 25142 0x000001a2355c2810 code [0x000001a2355c2e60, 0x000001a2355cb3c8]
Event: 660.918 Thread 0x000001a242c095c0 25144       4       com.android.tools.r8.internal.io::d (13 bytes)
Event: 660.919 Thread 0x000001a242c095c0 nmethod 25144 0x000001a2351e7010 code [0x000001a2351e71a0, 0x000001a2351e7238]
Event: 660.919 Thread 0x000001a242c095c0 25143       4       java.util.HashMap$Values::iterator (12 bytes)
Event: 660.924 Thread 0x000001a242c095c0 nmethod 25143 0x000001a23513c190 code [0x000001a23513c320, 0x000001a23513c598]
Event: 660.924 Thread 0x000001a242c095c0 25193       4       com.android.tools.r8.graph.o2::a (1 bytes)
Event: 660.925 Thread 0x000001a242c095c0 nmethod 25193 0x000001a2351e6c90 code [0x000001a2351e6e00, 0x000001a2351e6e78]
Event: 661.096 Thread 0x000001a242c0bf90 25210       3       com.android.tools.r8.internal.xe::c (11 bytes)
Event: 661.096 Thread 0x000001a242c0bf90 nmethod 25210 0x000001a22d3a4e10 code [0x000001a22d3a4fa0, 0x000001a22d3a50b8]
Event: 661.105 Thread 0x000001a242c095c0 25211 %     4       com.android.tools.r8.internal.t52::a @ 1749 (2026 bytes)
Event: 661.107 Thread 0x000001a242c0bf90 25212       3       com.android.tools.r8.internal.z92::a (5 bytes)
Event: 661.107 Thread 0x000001a242c0bf90 nmethod 25212 0x000001a22d3f4190 code [0x000001a22d3f4320, 0x000001a22d3f4438]
Event: 661.108 Thread 0x000001a242c0bf90 25213       1       com.android.tools.r8.internal.ek4::isPrimitive (2 bytes)
Event: 661.108 Thread 0x000001a242c0bf90 nmethod 25213 0x000001a2351dd810 code [0x000001a2351dd9a0, 0x000001a2351dda78]
Event: 661.108 Thread 0x000001a242c0bf90 25214       1       com.android.tools.r8.internal.sc::A (2 bytes)
Event: 661.108 Thread 0x000001a242c0bf90 nmethod 25214 0x000001a2351dd390 code [0x000001a2351dd520, 0x000001a2351dd5f8]
Event: 661.905 Thread 0x000001a242c0bf90 25217       3       com.android.tools.r8.internal.f10::C2 (25 bytes)
Event: 661.906 Thread 0x000001a242c0bf90 nmethod 25217 0x000001a22f672990 code [0x000001a22f672b40, 0x000001a22f672cf8]

GC Heap History (20 events):
Event: 509.029 GC heap before
{Heap before GC invocations=85 (full 0):
 garbage-first heap   total 294912K, used 132200K [0x0000000080000000, 0x0000000100000000)
  region size 1024K, 14 young (14336K), 7 survivors (7168K)
 Metaspace       used 155072K, committed 156032K, reserved 1245184K
  class space    used 20084K, committed 20544K, reserved 1048576K
}
Event: 509.641 GC heap after
{Heap after GC invocations=86 (full 0):
 garbage-first heap   total 294912K, used 108545K [0x0000000080000000, 0x0000000100000000)
  region size 1024K, 2 young (2048K), 2 survivors (2048K)
 Metaspace       used 155072K, committed 156032K, reserved 1245184K
  class space    used 20084K, committed 20544K, reserved 1048576K
}
Event: 529.615 GC heap before
{Heap before GC invocations=86 (full 0):
 garbage-first heap   total 294912K, used 173057K [0x0000000080000000, 0x0000000100000000)
  region size 1024K, 66 young (67584K), 2 survivors (2048K)
 Metaspace       used 160970K, committed 161920K, reserved 1245184K
  class space    used 20789K, committed 21248K, reserved 1048576K
}
Event: 529.641 GC heap after
{Heap after GC invocations=87 (full 0):
 garbage-first heap   total 294912K, used 114177K [0x0000000080000000, 0x0000000100000000)
  region size 1024K, 7 young (7168K), 7 survivors (7168K)
 Metaspace       used 160970K, committed 161920K, reserved 1245184K
  class space    used 20789K, committed 21248K, reserved 1048576K
}
Event: 543.884 GC heap before
{Heap before GC invocations=87 (full 0):
 garbage-first heap   total 294912K, used 168449K [0x0000000080000000, 0x0000000100000000)
  region size 1024K, 61 young (62464K), 7 survivors (7168K)
 Metaspace       used 162491K, committed 163520K, reserved 1245184K
  class space    used 20982K, committed 21440K, reserved 1048576K
}
Event: 543.934 GC heap after
{Heap after GC invocations=88 (full 0):
 garbage-first heap   total 294912K, used 116723K [0x0000000080000000, 0x0000000100000000)
  region size 1024K, 3 young (3072K), 3 survivors (3072K)
 Metaspace       used 162491K, committed 163520K, reserved 1245184K
  class space    used 20982K, committed 21440K, reserved 1048576K
}
Event: 549.666 GC heap before
{Heap before GC invocations=88 (full 0):
 garbage-first heap   total 294912K, used 151539K [0x0000000080000000, 0x0000000100000000)
  region size 1024K, 39 young (39936K), 3 survivors (3072K)
 Metaspace       used 164709K, committed 165760K, reserved 1245184K
  class space    used 21278K, committed 21760K, reserved 1048576K
}
Event: 549.692 GC heap after
{Heap after GC invocations=89 (full 0):
 garbage-first heap   total 294912K, used 117813K [0x0000000080000000, 0x0000000100000000)
  region size 1024K, 4 young (4096K), 4 survivors (4096K)
 Metaspace       used 164709K, committed 165760K, reserved 1245184K
  class space    used 21278K, committed 21760K, reserved 1048576K
}
Event: 574.889 GC heap before
{Heap before GC invocations=90 (full 0):
 garbage-first heap   total 294912K, used 239669K [0x0000000080000000, 0x0000000100000000)
  region size 1024K, 118 young (120832K), 4 survivors (4096K)
 Metaspace       used 173364K, committed 174464K, reserved 1245184K
  class space    used 22323K, committed 22848K, reserved 1048576K
}
Event: 575.078 GC heap after
{Heap after GC invocations=91 (full 0):
 garbage-first heap   total 294912K, used 127199K [0x0000000080000000, 0x0000000100000000)
  region size 1024K, 11 young (11264K), 11 survivors (11264K)
 Metaspace       used 173364K, committed 174464K, reserved 1245184K
  class space    used 22323K, committed 22848K, reserved 1048576K
}
Event: 576.716 GC heap before
{Heap before GC invocations=91 (full 0):
 garbage-first heap   total 294912K, used 129247K [0x0000000080000000, 0x0000000100000000)
  region size 1024K, 14 young (14336K), 11 survivors (11264K)
 Metaspace       used 173489K, committed 174528K, reserved 1245184K
  class space    used 22346K, committed 22848K, reserved 1048576K
}
Event: 577.003 GC heap after
{Heap after GC invocations=92 (full 0):
 garbage-first heap   total 294912K, used 123366K [0x0000000080000000, 0x0000000100000000)
  region size 1024K, 1 young (1024K), 1 survivors (1024K)
 Metaspace       used 173489K, committed 174528K, reserved 1245184K
  class space    used 22346K, committed 22848K, reserved 1048576K
}
Event: 579.119 GC heap before
{Heap before GC invocations=92 (full 0):
 garbage-first heap   total 294912K, used 135654K [0x0000000080000000, 0x0000000100000000)
  region size 1024K, 14 young (14336K), 1 survivors (1024K)
 Metaspace       used 174544K, committed 175680K, reserved 1245184K
  class space    used 22484K, committed 22976K, reserved 1048576K
}
Event: 579.194 GC heap after
{Heap after GC invocations=93 (full 0):
 garbage-first heap   total 294912K, used 123392K [0x0000000080000000, 0x0000000100000000)
  region size 1024K, 1 young (1024K), 1 survivors (1024K)
 Metaspace       used 174544K, committed 175680K, reserved 1245184K
  class space    used 22484K, committed 22976K, reserved 1048576K
}
Event: 586.542 GC heap before
{Heap before GC invocations=93 (full 0):
 garbage-first heap   total 294912K, used 240128K [0x0000000080000000, 0x0000000100000000)
  region size 1024K, 113 young (115712K), 1 survivors (1024K)
 Metaspace       used 178763K, committed 179904K, reserved 1245184K
  class space    used 23052K, committed 23552K, reserved 1048576K
}
Event: 586.559 GC heap after
{Heap after GC invocations=94 (full 0):
 garbage-first heap   total 294912K, used 126167K [0x0000000080000000, 0x0000000100000000)
  region size 1024K, 4 young (4096K), 4 survivors (4096K)
 Metaspace       used 178763K, committed 179904K, reserved 1245184K
  class space    used 23052K, committed 23552K, reserved 1048576K
}
Event: 600.333 GC heap before
{Heap before GC invocations=94 (full 0):
 garbage-first heap   total 294912K, used 240855K [0x0000000080000000, 0x0000000100000000)
  region size 1024K, 117 young (119808K), 4 survivors (4096K)
 Metaspace       used 186534K, committed 187648K, reserved 1245184K
  class space    used 24169K, committed 24704K, reserved 1048576K
}
Event: 600.367 GC heap after
{Heap after GC invocations=95 (full 0):
 garbage-first heap   total 294912K, used 131120K [0x0000000080000000, 0x0000000100000000)
  region size 1024K, 9 young (9216K), 9 survivors (9216K)
 Metaspace       used 186534K, committed 187648K, reserved 1245184K
  class space    used 24169K, committed 24704K, reserved 1048576K
}
Event: 616.933 GC heap before
{Heap before GC invocations=95 (full 0):
 garbage-first heap   total 294912K, used 242736K [0x0000000080000000, 0x0000000100000000)
  region size 1024K, 118 young (120832K), 9 survivors (9216K)
 Metaspace       used 189853K, committed 191040K, reserved 1245184K
  class space    used 24527K, committed 25088K, reserved 1048576K
}
Event: 617.020 GC heap after
{Heap after GC invocations=96 (full 0):
 garbage-first heap   total 294912K, used 134417K [0x0000000080000000, 0x0000000100000000)
  region size 1024K, 10 young (10240K), 10 survivors (10240K)
 Metaspace       used 189853K, committed 191040K, reserved 1245184K
  class space    used 24527K, committed 25088K, reserved 1048576K
}

Dll operation events (15 events):
Event: 0.042 Loaded shared library C:\Program Files\Eclipse Adoptium\jdk-17.0.18.8-hotspot\bin\java.dll
Event: 0.127 Loaded shared library C:\Program Files\Eclipse Adoptium\jdk-17.0.18.8-hotspot\bin\jsvml.dll
Event: 0.536 Loaded shared library C:\Program Files\Eclipse Adoptium\jdk-17.0.18.8-hotspot\bin\zip.dll
Event: 0.545 Loaded shared library C:\Program Files\Eclipse Adoptium\jdk-17.0.18.8-hotspot\bin\instrument.dll
Event: 0.554 Loaded shared library C:\Program Files\Eclipse Adoptium\jdk-17.0.18.8-hotspot\bin\net.dll
Event: 0.558 Loaded shared library C:\Program Files\Eclipse Adoptium\jdk-17.0.18.8-hotspot\bin\nio.dll
Event: 0.562 Loaded shared library C:\Program Files\Eclipse Adoptium\jdk-17.0.18.8-hotspot\bin\zip.dll
Event: 2.034 Loaded shared library C:\Program Files\Eclipse Adoptium\jdk-17.0.18.8-hotspot\bin\jimage.dll
Event: 4.111 Loaded shared library C:\Program Files\Eclipse Adoptium\jdk-17.0.18.8-hotspot\bin\verify.dll
Event: 4.684 Loaded shared library D:\Gradle_Cache\native\1def1411415f61bf3af743bc5b6707747c0891f09f0c88961ee8f79bc544acac\windows-amd64\native-platform.dll
Event: 4.891 Loaded shared library D:\Gradle_Cache\native\0.2.8\x86_64-windows-gnu\gradle-fileevents.dll
Event: 16.109 Loaded shared library C:\Program Files\Eclipse Adoptium\jdk-17.0.18.8-hotspot\bin\management.dll
Event: 16.118 Loaded shared library C:\Program Files\Eclipse Adoptium\jdk-17.0.18.8-hotspot\bin\management_ext.dll
Event: 28.866 Loaded shared library C:\Program Files\Eclipse Adoptium\jdk-17.0.18.8-hotspot\bin\extnet.dll
Event: 30.974 Loaded shared library C:\Program Files\Eclipse Adoptium\jdk-17.0.18.8-hotspot\bin\sunmscapi.dll

Deoptimization events (20 events):
Event: 655.778 Thread 0x000001a296988e20 Uncommon trap: trap_request=0xffffffde fr.pc=0x000001a23561051c relative=0x0000000000001cdc
Event: 655.778 Thread 0x000001a296988e20 Uncommon trap: reason=class_check action=maybe_recompile pc=0x000001a23561051c method=com.android.tools.r8.ir.optimize.z0.a(Lcom/android/tools/r8/internal/mc1;)Z @ 91 c2
Event: 655.778 Thread 0x000001a296988e20 DEOPT PACKING pc=0x000001a23561051c sp=0x0000003d06ff9570
Event: 655.778 Thread 0x000001a296988e20 DEOPT UNPACKING pc=0x000001a23443699d sp=0x0000003d06ff9528 mode 2
Event: 655.779 Thread 0x000001a296988e20 Uncommon trap: trap_request=0xffffffde fr.pc=0x000001a23561051c relative=0x0000000000001cdc
Event: 655.779 Thread 0x000001a296988e20 Uncommon trap: reason=class_check action=maybe_recompile pc=0x000001a23561051c method=com.android.tools.r8.ir.optimize.z0.a(Lcom/android/tools/r8/internal/mc1;)Z @ 91 c2
Event: 655.779 Thread 0x000001a296988e20 DEOPT PACKING pc=0x000001a23561051c sp=0x0000003d06ff9570
Event: 655.779 Thread 0x000001a296988e20 DEOPT UNPACKING pc=0x000001a23443699d sp=0x0000003d06ff9528 mode 2
Event: 659.286 Thread 0x000001a296988e20 Uncommon trap: trap_request=0xffffffde fr.pc=0x000001a23561051c relative=0x0000000000001cdc
Event: 659.286 Thread 0x000001a296988e20 Uncommon trap: reason=class_check action=maybe_recompile pc=0x000001a23561051c method=com.android.tools.r8.ir.optimize.z0.a(Lcom/android/tools/r8/internal/mc1;)Z @ 91 c2
Event: 659.286 Thread 0x000001a296988e20 DEOPT PACKING pc=0x000001a23561051c sp=0x0000003d06ff9570
Event: 659.286 Thread 0x000001a296988e20 DEOPT UNPACKING pc=0x000001a23443699d sp=0x0000003d06ff9528 mode 2
Event: 659.291 Thread 0x000001a296988e20 Uncommon trap: trap_request=0xffffffde fr.pc=0x000001a23561051c relative=0x0000000000001cdc
Event: 659.291 Thread 0x000001a296988e20 Uncommon trap: reason=class_check action=maybe_recompile pc=0x000001a23561051c method=com.android.tools.r8.ir.optimize.z0.a(Lcom/android/tools/r8/internal/mc1;)Z @ 91 c2
Event: 659.292 Thread 0x000001a296988e20 DEOPT PACKING pc=0x000001a23561051c sp=0x0000003d06ff9570
Event: 659.292 Thread 0x000001a296988e20 DEOPT UNPACKING pc=0x000001a23443699d sp=0x0000003d06ff9528 mode 2
Event: 659.387 Thread 0x000001a294e7b240 Uncommon trap: trap_request=0xffffff45 fr.pc=0x000001a234dbabf8 relative=0x0000000000000158
Event: 659.387 Thread 0x000001a294e7b240 Uncommon trap: reason=unstable_if action=reinterpret pc=0x000001a234dbabf8 method=java.util.IdentityHashMap.keySet()Ljava/util/Set; @ 6 c2
Event: 659.387 Thread 0x000001a294e7b240 DEOPT PACKING pc=0x000001a234dbabf8 sp=0x0000003d05df71e0
Event: 659.387 Thread 0x000001a294e7b240 DEOPT UNPACKING pc=0x000001a23443699d sp=0x0000003d05df7198 mode 2

Classes loaded (20 events):
Event: 583.925 Loading class java/util/zip/Deflater$DeflaterZStreamRef
Event: 583.926 Loading class java/util/zip/Deflater$DeflaterZStreamRef done
Event: 583.963 Loading class java/util/TreeMap$AscendingSubMap
Event: 583.964 Loading class java/util/TreeMap$NavigableSubMap
Event: 583.964 Loading class java/util/TreeMap$NavigableSubMap done
Event: 583.964 Loading class java/util/TreeMap$AscendingSubMap done
Event: 583.965 Loading class java/util/TreeMap$NavigableSubMap$SubMapKeyIterator
Event: 583.965 Loading class java/util/TreeMap$NavigableSubMap$SubMapIterator
Event: 583.965 Loading class java/util/TreeMap$NavigableSubMap$SubMapIterator done
Event: 583.966 Loading class java/util/TreeMap$NavigableSubMap$SubMapKeyIterator done
Event: 597.402 Loading class java/util/IdentityHashMap$EntrySet
Event: 597.414 Loading class java/util/IdentityHashMap$EntrySet done
Event: 597.414 Loading class java/util/IdentityHashMap$EntrySpliterator
Event: 597.449 Loading class java/util/IdentityHashMap$IdentityHashMapSpliterator
Event: 597.449 Loading class java/util/IdentityHashMap$IdentityHashMapSpliterator done
Event: 597.449 Loading class java/util/IdentityHashMap$EntrySpliterator done
Event: 598.190 Loading class java/util/IdentityHashMap$ValueIterator
Event: 598.191 Loading class java/util/IdentityHashMap$ValueIterator done
Event: 599.941 Loading class java/util/SortedSet$1
Event: 599.951 Loading class java/util/SortedSet$1 done

Classes unloaded (20 events):
Event: 619.801 Thread 0x000001a242be6e20 Unloading class 0x000001a2455eeff8 'jdk/internal/jimage/ImageHeader'
Event: 619.801 Thread 0x000001a242be6e20 Unloading class 0x000001a2455eedc8 'jdk/internal/jimage/BasicImageReader$2'
Event: 619.801 Thread 0x000001a242be6e20 Unloading class 0x000001a2455eeb98 'jdk/internal/jimage/BasicImageReader$1'
Event: 619.801 Thread 0x000001a242be6e20 Unloading class 0x000001a2455ee930 'jdk/internal/jimage/ImageReader$Resource'
Event: 619.801 Thread 0x000001a242be6e20 Unloading class 0x000001a2455ee6c8 'jdk/internal/jimage/ImageReader$LinkNode'
Event: 619.801 Thread 0x000001a242be6e20 Unloading class 0x000001a2455ee460 'jdk/internal/jimage/ImageReader$Directory'
Event: 619.801 Thread 0x000001a242be6e20 Unloading class 0x000001a2455ee1f8 'jdk/internal/jimage/ImageReader$Node'
Event: 619.801 Thread 0x000001a242be6e20 Unloading class 0x000001a2455ee000 'jdk/internal/jimage/ImageStrings'
Event: 619.801 Thread 0x000001a242be6e20 Unloading class 0x000001a2455edb50 'jdk/internal/jimage/ImageReader$SharedImageReader'
Event: 619.801 Thread 0x000001a242be6e20 Unloading class 0x000001a2455ed890 'jdk/internal/jimage/BasicImageReader'
Event: 619.801 Thread 0x000001a242be6e20 Unloading class 0x000001a2455ed670 'jdk/internal/jimage/ImageReader'
Event: 619.801 Thread 0x000001a242be6e20 Unloading class 0x000001a2455ed448 'jdk/internal/jrtfs/SystemImage$2'
Event: 619.801 Thread 0x000001a242be6e20 Unloading class 0x000001a2455ed230 'jdk/internal/jrtfs/SystemImage$$Lambda$3376+0x000001a2455ed230'
Event: 619.801 Thread 0x000001a242be6e20 Unloading class 0x000001a2455ed000 'jdk/internal/jrtfs/ExplodedImage'
Event: 619.801 Thread 0x000001a242be6e20 Unloading class 0x000001a2455ecdc8 'jdk/internal/jrtfs/SystemImage$1'
Event: 619.801 Thread 0x000001a242be6e20 Unloading class 0x000001a2455ecbb0 'jdk/internal/jrtfs/SystemImage'
Event: 619.801 Thread 0x000001a242be6e20 Unloading class 0x000001a2455ec950 'jdk/internal/jrtfs/JrtFileStore'
Event: 619.801 Thread 0x000001a242be6e20 Unloading class 0x000001a2455ec5d8 'jdk/internal/jrtfs/JrtPath'
Event: 619.802 Thread 0x000001a242be6e20 Unloading class 0x000001a2455ec2e0 'jdk/internal/jrtfs/JrtFileSystem'
Event: 619.802 Thread 0x000001a242be6e20 Unloading class 0x000001a2455ec000 'jdk/internal/jrtfs/JrtFileSystemProvider'

Classes redefined (0 events):
No events

Internal exceptions (20 events):
Event: 584.034 Thread 0x000001a294e7b240 Exception <a 'java/lang/NoSuchMethodError'{0x000000008d50bed0}: 'java.lang.Object java.lang.invoke.DirectMethodHandle$Holder.invokeStaticInit(java.lang.Object, java.lang.Object, java.lang.Object, java.lang.Object, java.lang.Object, java.lang.Object, java.lang.Object, java.lang.Object, java.lang.Object, java.lang.Object, java.lang.Object, java.lang.Object, java.lang.Object, java.lang.Object, java.lang.Object, java.lang.Object, java.lang.Object, java.lang.Object, java.lang.Object, java.lang.Object, int, java
Event: 584.036 Thread 0x000001a294e7b240 Exception <a 'java/lang/IncompatibleClassChangeError'{0x000000008d525b78}: Found class java.lang.Object, but interface was expected> (0x000000008d525b78) 
thrown [s\src\hotspot\share\interpreter\linkResolver.cpp, line 826]
Event: 584.038 Thread 0x000001a294e7b240 Exception <a 'java/lang/IncompatibleClassChangeError'{0x000000008d531d38}: Found class java.lang.Object, but interface was expected> (0x000000008d531d38) 
thrown [s\src\hotspot\share\interpreter\linkResolver.cpp, line 826]
Event: 584.707 Thread 0x000001a294e7b240 Exception <a 'java/lang/IncompatibleClassChangeError'{0x000000008c56b3b0}: Found class java.lang.Object, but interface was expected> (0x000000008c56b3b0) 
thrown [s\src\hotspot\share\interpreter\linkResolver.cpp, line 826]
Event: 589.472 Thread 0x000001a294e7b240 Exception <a 'java/lang/IncompatibleClassChangeError'{0x0000000090405bb0}: Found class java.lang.Object, but interface was expected> (0x0000000090405bb0) 
thrown [s\src\hotspot\share\interpreter\linkResolver.cpp, line 826]
Event: 589.475 Thread 0x000001a294e7b240 Exception <a 'java/lang/NoSuchMethodError'{0x0000000090413608}: 'void java.lang.invoke.DirectMethodHandle$Holder.invokeInterface(java.lang.Object, java.lang.Object, java.lang.Object, int)'> (0x0000000090413608) 
thrown [s\src\hotspot\share\interpreter\linkResolver.cpp, line 759]
Event: 592.745 Thread 0x000001a294e7b240 Exception <a 'java/lang/NoSuchMethodError'{0x000000008e1615c8}: 'void java.lang.invoke.DirectMethodHandle$Holder.invokeSpecial(java.lang.Object, java.lang.Object, java.lang.Object, java.lang.Object, int)'> (0x000000008e1615c8) 
thrown [s\src\hotspot\share\interpreter\linkResolver.cpp, line 759]
Event: 594.255 Thread 0x000001a294e7b240 Exception <a 'java/lang/NoSuchMethodError'{0x000000008db10440}: 'java.lang.Object java.lang.invoke.DirectMethodHandle$Holder.invokeStatic(java.lang.Object, int, java.lang.Object)'> (0x000000008db10440) 
thrown [s\src\hotspot\share\interpreter\linkResolver.cpp, line 759]
Event: 595.257 Thread 0x000001a294e7b240 Exception <a 'java/lang/IncompatibleClassChangeError'{0x000000008d83c5f8}: Found class java.lang.Object, but interface was expected> (0x000000008d83c5f8) 
thrown [s\src\hotspot\share\interpreter\linkResolver.cpp, line 826]
Event: 595.258 Thread 0x000001a294e7b240 Exception <a 'java/lang/IncompatibleClassChangeError'{0x000000008d841b60}: Found class java.lang.Object, but interface was expected> (0x000000008d841b60) 
thrown [s\src\hotspot\share\interpreter\linkResolver.cpp, line 826]
Event: 596.018 Thread 0x000001a294e7b240 Exception <a 'java/lang/NoSuchMethodError'{0x000000008d0dad28}: 'void java.lang.invoke.DirectMethodHandle$Holder.invokeSpecial(java.lang.Object, java.lang.Object, int, java.lang.Object)'> (0x000000008d0dad28) 
thrown [s\src\hotspot\share\interpreter\linkResolver.cpp, line 759]
Event: 598.754 Thread 0x000001a294e7b240 Exception <a 'java/lang/NoSuchMethodError'{0x000000008c137270}: 'int java.lang.invoke.DirectMethodHandle$Holder.invokeSpecial(java.lang.Object, java.lang.Object, java.lang.Object, int, java.lang.Object)'> (0x000000008c137270) 
thrown [s\src\hotspot\share\interpreter\linkResolver.cpp, line 759]
Event: 600.099 Thread 0x000001a294e7b240 Exception <a 'java/lang/NoSuchMethodError'{0x000000008b286770}: 'void java.lang.invoke.DirectMethodHandle$Holder.invokeVirtual(java.lang.Object, java.lang.Object, int)'> (0x000000008b286770) 
thrown [s\src\hotspot\share\interpreter\linkResolver.cpp, line 759]
Event: 602.088 Thread 0x000001a296988e20 Exception <a 'java/lang/NoSuchMethodError'{0x0000000090a90748}: 'int java.lang.invoke.DirectMethodHandle$Holder.invokeSpecial(java.lang.Object, java.lang.Object, java.lang.Object, java.lang.Object, java.lang.Object, java.lang.Object)'> (0x0000000090a90748) 
thrown [s\src\hotspot\share\interpreter\linkResolver.cpp, line 759]
Event: 602.506 Thread 0x000001a294e7b240 Exception <a 'java/lang/NoSuchMethodError'{0x000000009075cfe8}: 'int java.lang.invoke.DirectMethodHandle$Holder.invokeInterface(java.lang.Object, java.lang.Object, int)'> (0x000000009075cfe8) 
thrown [s\src\hotspot\share\interpreter\linkResolver.cpp, line 759]
Event: 602.567 Thread 0x000001a294e7b240 Exception <a 'java/lang/NoSuchMethodError'{0x0000000090772ec0}: 'void java.lang.invoke.DirectMethodHandle$Holder.invokeStatic(java.lang.Object, int)'> (0x0000000090772ec0) 
thrown [s\src\hotspot\share\interpreter\linkResolver.cpp, line 759]
Event: 609.514 Thread 0x000001a294e7b240 Exception <a 'java/lang/NoSuchMethodError'{0x000000008d622570}: 'java.lang.Object java.lang.invoke.DirectMethodHandle$Holder.invokeInterface(java.lang.Object, java.lang.Object, int)'> (0x000000008d622570) 
thrown [s\src\hotspot\share\interpreter\linkResolver.cpp, line 759]
Event: 609.518 Thread 0x000001a296988e20 Exception <a 'java/lang/NoSuchMethodError'{0x000000008d4e3a00}: 'java.lang.Object java.lang.invoke.DirectMethodHandle$Holder.invokeInterface(java.lang.Object, java.lang.Object, int)'> (0x000000008d4e3a00) 
thrown [s\src\hotspot\share\interpreter\linkResolver.cpp, line 759]
Event: 648.197 Thread 0x000001a294e7b240 Exception <a 'java/lang/NoSuchMethodError'{0x00000000905292a0}: 'void java.lang.invoke.DirectMethodHandle$Holder.invokeSpecial(java.lang.Object, java.lang.Object, java.lang.Object, int, java.lang.Object, java.lang.Object, java.lang.Object, java.lang.Object)'> (0x00000000905292a0) 
thrown [s\src\hotspot\share\interpreter\linkResolver.cpp, line 759]
Event: 648.332 Thread 0x000001a294e7b240 Exception <a 'java/lang/NoSuchMethodError'{0x0000000090553a78}: 'void java.lang.invoke.DirectMethodHandle$Holder.invokeStatic(java.lang.Object, java.lang.Object, java.lang.Object, java.lang.Object, java.lang.Object, java.lang.Object, java.lang.Object, java.lang.Object)'> (0x0000000090553a78) 
thrown [s\src\hotspot\share\interpreter\linkResolver.cpp, line 759]

VM Operations (20 events):
Event: 651.397 Executing VM operation: HandshakeAllThreads
Event: 651.811 Executing VM operation: HandshakeAllThreads done
Event: 652.727 Executing VM operation: HandshakeAllThreads
Event: 653.007 Executing VM operation: HandshakeAllThreads done
Event: 653.007 Executing VM operation: Cleanup
Event: 653.307 Executing VM operation: Cleanup done
Event: 653.493 Executing VM operation: HandshakeAllThreads
Event: 654.752 Executing VM operation: HandshakeAllThreads done
Event: 654.752 Executing VM operation: Cleanup
Event: 655.679 Executing VM operation: Cleanup done
Event: 656.687 Executing VM operation: Cleanup
Event: 656.873 Executing VM operation: Cleanup done
Event: 657.875 Executing VM operation: Cleanup
Event: 657.890 Executing VM operation: Cleanup done
Event: 658.902 Executing VM operation: Cleanup
Event: 659.188 Executing VM operation: Cleanup done
Event: 659.758 Executing VM operation: HandshakeAllThreads
Event: 660.003 Executing VM operation: HandshakeAllThreads done
Event: 661.009 Executing VM operation: Cleanup
Event: 661.087 Executing VM operation: Cleanup done

Memory protections (0 events):
No events

Nmethod flushes (20 events):
Event: 655.737 Thread 0x000001a242c8de90 flushing  nmethod 0x000001a22fd9df10
Event: 655.738 Thread 0x000001a242c8de90 flushing  nmethod 0x000001a22fde0a10
Event: 655.738 Thread 0x000001a242c8de90 flushing  nmethod 0x000001a22fde0d90
Event: 655.738 Thread 0x000001a242c8de90 flushing  nmethod 0x000001a22fe14010
Event: 655.738 Thread 0x000001a242c8de90 flushing  nmethod 0x000001a22fe35190
Event: 655.739 Thread 0x000001a242c8de90 flushing  nmethod 0x000001a22fe8c810
Event: 655.739 Thread 0x000001a242c8de90 flushing  nmethod 0x000001a22fe9c890
Event: 655.739 Thread 0x000001a242c8de90 flushing  nmethod 0x000001a22feae210
Event: 655.739 Thread 0x000001a242c8de90 flushing  nmethod 0x000001a22feb0510
Event: 655.739 Thread 0x000001a242c8de90 flushing  nmethod 0x000001a22feb6c90
Event: 655.739 Thread 0x000001a242c8de90 flushing  nmethod 0x000001a22fec7710
Event: 655.739 Thread 0x000001a242c8de90 flushing  nmethod 0x000001a22fec8590
Event: 655.739 Thread 0x000001a242c8de90 flushing  nmethod 0x000001a22fee4690
Event: 655.739 Thread 0x000001a242c8de90 flushing  nmethod 0x000001a22ff01490
Event: 655.739 Thread 0x000001a242c8de90 flushing  nmethod 0x000001a22ff1e190
Event: 655.739 Thread 0x000001a242c8de90 flushing  nmethod 0x000001a22ff25090
Event: 655.739 Thread 0x000001a242c8de90 flushing  nmethod 0x000001a22ff5fe10
Event: 655.739 Thread 0x000001a242c8de90 flushing  nmethod 0x000001a22ff68b90
Event: 655.740 Thread 0x000001a242c8de90 flushing  nmethod 0x000001a22fff8b90
Event: 655.740 Thread 0x000001a242c8de90 flushing  nmethod 0x000001a22fff9090

Events (20 events):
Event: 496.652 Thread 0x000001a28a87bb90 Thread exited: 0x000001a28a87bb90
Event: 497.331 Thread 0x000001a288d05ff0 Thread added: 0x000001a294e7c170
Event: 497.471 Thread 0x000001a294e7c170 Thread added: 0x000001a294e7b240
Event: 497.875 Thread 0x000001a294e7b240 Thread added: 0x000001a28a87bb90
Event: 507.527 Thread 0x000001a294909300 Thread exited: 0x000001a294909300
Event: 521.401 Thread 0x000001a294e7dac0 Thread exited: 0x000001a294e7dac0
Event: 522.282 Thread 0x000001a294e7c170 Thread added: 0x000001a2959e6a90
Event: 522.456 Thread 0x000001a288d07940 Thread added: 0x000001a2959e83e0
Event: 533.157 Thread 0x000001a294e7c170 Thread added: 0x000001a2959e9820
Event: 533.326 Thread 0x000001a294e7c170 Thread added: 0x000001a2959e8e00
Event: 533.577 Thread 0x000001a294e7b240 Thread added: 0x000001a2959e9310
Event: 534.785 Thread 0x000001a294e7b240 Thread added: 0x000001a2959e6070
Event: 537.136 Thread 0x000001a294e7c170 Thread added: 0x000001a2959e6580
Event: 544.617 Thread 0x000001a294e7b240 Thread added: 0x000001a2959e79c0
Event: 547.516 Thread 0x000001a294e7b240 Thread added: 0x000001a296984c50
Event: 548.093 Thread 0x000001a294e7b240 Thread added: 0x000001a2969823d0
Event: 563.212 Thread 0x000001a294e7b240 Thread added: 0x000001a2969879e0
Event: 570.894 Thread 0x000001a294e7c170 Thread added: 0x000001a296983300
Event: 574.871 Thread 0x000001a294e7b240 Thread added: 0x000001a296988e20
Event: 582.540 Thread 0x000001a2959e83e0 Thread exited: 0x000001a2959e83e0


Dynamic libraries:
0x00007ff70f120000 - 0x00007ff70f12e000 	C:\Program Files\Eclipse Adoptium\jdk-17.0.18.8-hotspot\bin\java.exe
0x00007ffbb2090000 - 0x00007ffbb2288000 	C:\WINDOWS\SYSTEM32\ntdll.dll
0x00007ffbb0ae0000 - 0x00007ffbb0ba2000 	C:\WINDOWS\System32\KERNEL32.DLL
0x00007ffbaf7d0000 - 0x00007ffbafacf000 	C:\WINDOWS\System32\KERNELBASE.dll
0x00007ffbafe10000 - 0x00007ffbaff10000 	C:\WINDOWS\System32\ucrtbase.dll
0x00007ffbaa6a0000 - 0x00007ffbaa6b8000 	C:\Program Files\Eclipse Adoptium\jdk-17.0.18.8-hotspot\bin\jli.dll
0x00007ffbb0940000 - 0x00007ffbb0add000 	C:\WINDOWS\System32\USER32.dll
0x00007ffbb0080000 - 0x00007ffbb00a2000 	C:\WINDOWS\System32\win32u.dll
0x00007ffbb17a0000 - 0x00007ffbb17cb000 	C:\WINDOWS\System32\GDI32.dll
0x00007ffbafb90000 - 0x00007ffbafcaa000 	C:\WINDOWS\System32\gdi32full.dll
0x00007ffbaf730000 - 0x00007ffbaf7cd000 	C:\WINDOWS\System32\msvcp_win.dll
0x00007ffba8b30000 - 0x00007ffba8b4e000 	C:\Program Files\Eclipse Adoptium\jdk-17.0.18.8-hotspot\bin\VCRUNTIME140.dll
0x00007ffb9c3d0000 - 0x00007ffb9c66a000 	C:\WINDOWS\WinSxS\amd64_microsoft.windows.common-controls_6595b64144ccf1df_6.0.19041.4355_none_60b8b9eb71f62e16\COMCTL32.dll
0x00007ffbb08a0000 - 0x00007ffbb093e000 	C:\WINDOWS\System32\msvcrt.dll
0x00007ffbb02b0000 - 0x00007ffbb02df000 	C:\WINDOWS\System32\IMM32.DLL
0x00007ffba8e50000 - 0x00007ffba8e5c000 	C:\Program Files\Eclipse Adoptium\jdk-17.0.18.8-hotspot\bin\vcruntime140_1.dll
0x00007ffb8df00000 - 0x00007ffb8df8d000 	C:\Program Files\Eclipse Adoptium\jdk-17.0.18.8-hotspot\bin\msvcp140.dll
0x00007ffb60cf0000 - 0x00007ffb6195b000 	C:\Program Files\Eclipse Adoptium\jdk-17.0.18.8-hotspot\bin\server\jvm.dll
0x00007ffbb17d0000 - 0x00007ffbb187f000 	C:\WINDOWS\System32\ADVAPI32.dll
0x00007ffbb0210000 - 0x00007ffbb02af000 	C:\WINDOWS\System32\sechost.dll
0x00007ffbb0360000 - 0x00007ffbb0483000 	C:\WINDOWS\System32\RPCRT4.dll
0x00007ffbafb60000 - 0x00007ffbafb87000 	C:\WINDOWS\System32\bcrypt.dll
0x00007ffbb1a00000 - 0x00007ffbb1a6b000 	C:\WINDOWS\System32\WS2_32.dll
0x00007ffbaf590000 - 0x00007ffbaf5db000 	C:\WINDOWS\SYSTEM32\POWRPROF.dll
0x00007ffb9aa30000 - 0x00007ffb9aa57000 	C:\WINDOWS\SYSTEM32\WINMM.dll
0x00007ffb9aa60000 - 0x00007ffb9aa6a000 	C:\WINDOWS\SYSTEM32\VERSION.dll
0x00007ffbaf4c0000 - 0x00007ffbaf4d2000 	C:\WINDOWS\SYSTEM32\UMPDC.dll
0x00007ffbadf50000 - 0x00007ffbadf62000 	C:\WINDOWS\SYSTEM32\kernel.appcore.dll
0x00007ffba8b00000 - 0x00007ffba8b0a000 	C:\Program Files\Eclipse Adoptium\jdk-17.0.18.8-hotspot\bin\jimage.dll
0x00007ffbad4b0000 - 0x00007ffbad694000 	C:\WINDOWS\SYSTEM32\DBGHELP.DLL
0x00007ffb93980000 - 0x00007ffb939b4000 	C:\WINDOWS\SYSTEM32\dbgcore.DLL
0x00007ffbafad0000 - 0x00007ffbafb52000 	C:\WINDOWS\System32\bcryptPrimitives.dll
0x00007ffbac320000 - 0x00007ffbac32e000 	C:\Program Files\Eclipse Adoptium\jdk-17.0.18.8-hotspot\bin\instrument.dll
0x00007ffba5ae0000 - 0x00007ffba5b05000 	C:\Program Files\Eclipse Adoptium\jdk-17.0.18.8-hotspot\bin\java.dll
0x00007ffb8cc30000 - 0x00007ffb8cd07000 	C:\Program Files\Eclipse Adoptium\jdk-17.0.18.8-hotspot\bin\jsvml.dll
0x00007ffbb1030000 - 0x00007ffbb179d000 	C:\WINDOWS\System32\SHELL32.dll
0x00007ffbad6a0000 - 0x00007ffbade44000 	C:\WINDOWS\SYSTEM32\windows.storage.dll
0x00007ffbb1cf0000 - 0x00007ffbb2045000 	C:\WINDOWS\System32\combase.dll
0x00007ffbaf0f0000 - 0x00007ffbaf11b000 	C:\WINDOWS\SYSTEM32\Wldp.dll
0x00007ffbb1880000 - 0x00007ffbb194d000 	C:\WINDOWS\System32\OLEAUT32.dll
0x00007ffbb07f0000 - 0x00007ffbb089d000 	C:\WINDOWS\System32\SHCORE.dll
0x00007ffbb0110000 - 0x00007ffbb0165000 	C:\WINDOWS\System32\shlwapi.dll
0x00007ffbaf660000 - 0x00007ffbaf685000 	C:\WINDOWS\SYSTEM32\profapi.dll
0x00007ffb9df40000 - 0x00007ffb9df58000 	C:\Program Files\Eclipse Adoptium\jdk-17.0.18.8-hotspot\bin\zip.dll
0x00007ffb9e100000 - 0x00007ffb9e11a000 	C:\Program Files\Eclipse Adoptium\jdk-17.0.18.8-hotspot\bin\net.dll
0x00007ffba7dd0000 - 0x00007ffba7eda000 	C:\WINDOWS\SYSTEM32\WINHTTP.dll
0x00007ffbaedf0000 - 0x00007ffbaee5c000 	C:\WINDOWS\system32\mswsock.dll
0x00007ffb9df80000 - 0x00007ffb9df96000 	C:\Program Files\Eclipse Adoptium\jdk-17.0.18.8-hotspot\bin\nio.dll
0x00007ffb9c760000 - 0x00007ffb9c770000 	C:\Program Files\Eclipse Adoptium\jdk-17.0.18.8-hotspot\bin\verify.dll
0x00007ffb94310000 - 0x00007ffb94337000 	D:\Gradle_Cache\native\1def1411415f61bf3af743bc5b6707747c0891f09f0c88961ee8f79bc544acac\windows-amd64\native-platform.dll
0x00007ffb8c3b0000 - 0x00007ffb8c427000 	D:\Gradle_Cache\native\0.2.8\x86_64-windows-gnu\gradle-fileevents.dll
0x00007ffba5ad0000 - 0x00007ffba5ada000 	C:\Program Files\Eclipse Adoptium\jdk-17.0.18.8-hotspot\bin\management.dll
0x00007ffb9c770000 - 0x00007ffb9c77c000 	C:\Program Files\Eclipse Adoptium\jdk-17.0.18.8-hotspot\bin\management_ext.dll
0x00007ffbb1a70000 - 0x00007ffbb1a78000 	C:\WINDOWS\System32\PSAPI.DLL
0x00007ffbaead0000 - 0x00007ffbaeb0b000 	C:\WINDOWS\SYSTEM32\IPHLPAPI.DLL
0x00007ffbb0170000 - 0x00007ffbb0178000 	C:\WINDOWS\System32\NSI.dll
0x00007ffba5180000 - 0x00007ffba5197000 	C:\WINDOWS\SYSTEM32\dhcpcsvc6.DLL
0x00007ffba5120000 - 0x00007ffba513d000 	C:\WINDOWS\SYSTEM32\dhcpcsvc.DLL
0x00007ffbaeb10000 - 0x00007ffbaebda000 	C:\WINDOWS\SYSTEM32\DNSAPI.dll
0x00007ffb9b560000 - 0x00007ffb9b569000 	C:\Program Files\Eclipse Adoptium\jdk-17.0.18.8-hotspot\bin\extnet.dll
0x00007ffbaefe0000 - 0x00007ffbaeff8000 	C:\WINDOWS\SYSTEM32\CRYPTSP.dll
0x00007ffbae710000 - 0x00007ffbae748000 	C:\WINDOWS\system32\rsaenh.dll
0x00007ffbaf5e0000 - 0x00007ffbaf60e000 	C:\WINDOWS\SYSTEM32\USERENV.dll
0x00007ffbaf000000 - 0x00007ffbaf00c000 	C:\WINDOWS\SYSTEM32\CRYPTBASE.dll
0x00007ffbaa6d0000 - 0x00007ffbaa6de000 	C:\Program Files\Eclipse Adoptium\jdk-17.0.18.8-hotspot\bin\sunmscapi.dll
0x00007ffbafcb0000 - 0x00007ffbafe0c000 	C:\WINDOWS\System32\CRYPT32.dll
0x00007ffbaf160000 - 0x00007ffbaf187000 	C:\WINDOWS\SYSTEM32\ncrypt.dll
0x00007ffbaf120000 - 0x00007ffbaf15b000 	C:\WINDOWS\SYSTEM32\NTASN1.dll
0x00007ffb8d810000 - 0x00007ffb8d817000 	C:\WINDOWS\system32\wshunix.dll
0x00007ffbae960000 - 0x00007ffbae993000 	C:\WINDOWS\SYSTEM32\ntmarta.dll
0x00007ffb9de90000 - 0x00007ffb9de9a000 	C:\Windows\System32\rasadhlp.dll
0x00007ffb9e320000 - 0x00007ffb9e3a0000 	C:\WINDOWS\System32\fwpuclnt.dll

dbghelp: loaded successfully - version: 4.0.5 - missing functions: none
symbol engine: initialized successfully - sym options: 0x614 - pdb path: .;C:\Program Files\Eclipse Adoptium\jdk-17.0.18.8-hotspot\bin;C:\WINDOWS\SYSTEM32;C:\WINDOWS\WinSxS\amd64_microsoft.windows.common-controls_6595b64144ccf1df_6.0.19041.4355_none_60b8b9eb71f62e16;C:\Program Files\Eclipse Adoptium\jdk-17.0.18.8-hotspot\bin\server;D:\Gradle_Cache\native\1def1411415f61bf3af743bc5b6707747c0891f09f0c88961ee8f79bc544acac\windows-amd64;D:\Gradle_Cache\native\0.2.8\x86_64-windows-gnu

VM Arguments:
jvm_args: --add-opens=java.base/java.lang=ALL-UNNAMED --add-opens=java.base/java.lang.invoke=ALL-UNNAMED --add-opens=java.base/java.util=ALL-UNNAMED --add-opens=java.prefs/java.util.prefs=ALL-UNNAMED --add-exports=jdk.compiler/com.sun.tools.javac.api=ALL-UNNAMED --add-exports=jdk.compiler/com.sun.tools.javac.util=ALL-UNNAMED --add-opens=java.base/java.util=ALL-UNNAMED --add-opens=java.prefs/java.util.prefs=ALL-UNNAMED --add-opens=java.base/java.nio.charset=ALL-UNNAMED --add-opens=java.base/java.net=ALL-UNNAMED --add-opens=java.base/java.util.concurrent=ALL-UNNAMED --add-opens=java.base/java.util.concurrent.atomic=ALL-UNNAMED --add-opens=java.xml/javax.xml.namespace=ALL-UNNAMED --add-opens=java.base/java.time=ALL-UNNAMED -Xmx2048m -Dfile.encoding=UTF-8 -Duser.country=US -Duser.language=en -Duser.variant -javaagent:D:\Gradle_Cache\wrapper\dists\gradle-9.1.0-bin\9agqghryom9wkf8r80qlhnts3\gradle-9.1.0\lib\agents\gradle-instrumentation-agent-9.1.0.jar 
java_command: org.gradle.launcher.daemon.bootstrap.GradleDaemon 9.1.0
java_class_path (initial): D:\Gradle_Cache\wrapper\dists\gradle-9.1.0-bin\9agqghryom9wkf8r80qlhnts3\gradle-9.1.0\lib\gradle-daemon-main-9.1.0.jar
Launcher Type: SUN_STANDARD

[Global flags]
     intx CICompilerCount                          = 2                                         {product} {ergonomic}
     uint ConcGCThreads                            = 1                                         {product} {ergonomic}
     uint G1ConcRefinementThreads                  = 2                                         {product} {ergonomic}
   size_t G1HeapRegionSize                         = 1048576                                   {product} {ergonomic}
    uintx GCDrainStackTargetSize                   = 64                                        {product} {ergonomic}
   size_t InitialHeapSize                          = 65011712                                  {product} {ergonomic}
   size_t MarkStackSize                            = 4194304                                   {product} {ergonomic}
   size_t MaxHeapSize                              = 2147483648                                {product} {command line}
   size_t MaxNewSize                               = 1287651328                                {product} {ergonomic}
   size_t MinHeapDeltaBytes                        = 1048576                                   {product} {ergonomic}
   size_t MinHeapSize                              = 8388608                                   {product} {ergonomic}
    uintx NonNMethodCodeHeapSize                   = 5826188                                {pd product} {ergonomic}
    uintx NonProfiledCodeHeapSize                  = 122916026                              {pd product} {ergonomic}
    uintx ProfiledCodeHeapSize                     = 122916026                              {pd product} {ergonomic}
    uintx ReservedCodeCacheSize                    = 251658240                              {pd product} {ergonomic}
     bool SegmentedCodeCache                       = true                                      {product} {ergonomic}
   size_t SoftMaxHeapSize                          = 2147483648                             {manageable} {ergonomic}
     bool UseCompressedClassPointers               = true                           {product lp64_product} {ergonomic}
     bool UseCompressedOops                        = true                           {product lp64_product} {ergonomic}
     bool UseG1GC                                  = true                                      {product} {ergonomic}
     bool UseLargePagesIndividualAllocation        = false                                  {pd product} {ergonomic}

Logging:
Log output configuration:
 #0: stdout all=warning uptime,level,tags
 #1: stderr all=off uptime,level,tags

Environment Variables:
JAVA_HOME=C:\Program Files\Eclipse Adoptium\jdk-17.0.18.8-hotspot
PATH=C:\Users\user\AppData\Local\Programs\Microsoft VS Code;D:\Download\OpenSSH-Win64;C:\Program Files\Eclipse Adoptium\jdk-17.0.18.8-hotspot\bin;C:\Program Files\Python39\Scripts\;C:\Program Files\Python39\;C:\WINDOWS\system32;C:\WINDOWS;C:\WINDOWS\System32\Wbem;C:\WINDOWS\System32\WindowsPowerShell\v1.0\;C:\WINDOWS\System32\OpenSSH\;C:\Users\user\ExifTool\;C:\Program Files\Microsoft SQL Server\150\Tools\Binn\;D:\CMake\bin;C:\Program Files\nodejs\;D:\ffmpeg\bin;D:\Go\bin;C:\Program Files\usbipd-win\;C:\Program Files\Eclipse Adoptium\jdk-17.0.18.8-hotspot\bin;D:\Android\Sdk\platform-tools;D:\Android\Sdk\cmdline-tools\latest\bin;D:\flutter\bin;D:\Git\cmd;D:\PuTTY\;C:\Users\user\.cargo\bin;C:\Users\user\AppData\Local\Programs\Python\Launcher\;C:\msys64\ucrt64\bin;C:\Users\user\AppData\Local\Programs\Microsoft VS Code\bin;C:\Users\user\AppData\Local\spicetify;C:\Users\user\AppData\Roaming\npm;C:\Users\user\go\bin;;C:\Users\user\.bun\bin
USERNAME=user
LANG=en_US.UTF-8
OS=Windows_NT
PROCESSOR_IDENTIFIER=Intel64 Family 6 Model 122 Stepping 8, GenuineIntel
TMP=C:\Users\user\AppData\Local\Temp
TEMP=C:\Users\user\AppData\Local\Temp



Periodic native trim disabled


---------------  S Y S T E M  ---------------

OS:
 Windows 10 , 64 bit Build 19041 (10.0.19041.5438)
OS uptime: 0 days 18:45 hours

CPU: total 2 (initial active 2) (2 cores per cpu, 1 threads per core) family 6 model 122 stepping 8 microcode 0x16, cx8, cmov, fxsr, mmx, 3dnowpref, sse, sse2, sse3, ssse3, sse4.1, sse4.2, popcnt, tsc, tscinvbit, aes, erms, clmul, sha, clflush, clflushopt
Processor Information for all 2 processors :
  Max Mhz: 1101, Current Mhz: 1101, Mhz Limit: 1101

Memory: 4k page, system-wide physical 3920M (184M free)
TotalPageFile size 11160M (AvailPageFile size 4M)
current process WorkingSet (physical memory assigned to process): 331M, peak: 464M
current process commit charge ("private bytes"): 760M, peak: 765M

vm_info: OpenJDK 64-Bit Server VM (17.0.18+8) for windows-amd64 JRE (17.0.18+8), built on Jan 20 2026 22:28:22 by "admin" with MS VC++ 17.12 (VS2022)

END.
